"../../../Engine/Content/Functions/Engine_MaterialFunctions01/Opacity/CameraDepthFade.uasset" 0
"../../../Engine/Content/EngineMaterials/T_Default_Material_Grid_M.uasset" 1
"../../../Engine/Content/EngineMaterials/T_Default_Material_Grid_N.uasset" 2
"../../../Engine/Content/EngineMaterials/WorldGridMaterial.uasset" 3
"../../../Engine/Content/ArtTools/RenderToTexture/Meshes/S_1_Unit_Plane.uasset" 4
"../../../Engine/Content/EngineMaterials/DefaultMaterial.uasset" 5
"../../../Engine/Content/BasicShapes/Cone.uasset" 6
"../../../Engine/Content/BasicShapes/Cylinder.uasset" 7
"../../../Engine/Content/EngineMaterials/DefaultPhysicalMaterial.uasset" 8
"../../../Engine/Content/BufferVisualization/AmbientOcclusion.uasset" 9
"../../../Engine/Content/BufferVisualization/BaseColor.uasset" 10
"../../../Engine/Content/BufferVisualization/CustomDepth.uasset" 11
"../../../Engine/Content/Functions/Engine_MaterialFunctions02/Utility/VectorLength.uasset" 12
"../../../Engine/Content/BufferVisualization/CustomDepthWorldUnits.uasset" 13
"../../../Engine/Content/Functions/Engine_MaterialFunctions02/Utility/BreakOutFloat2Components.uasset" 14
"../../../Engine/Content/Functions/Engine_MaterialFunctions01/Texturing/ScaleUVsByCenter.uasset" 15
"../../../Engine/Content/Functions/Engine_MaterialFunctions02/ScreenResolution.uasset" 16
"../../../Engine/Content/Functions/Engine_MaterialFunctions02/Texturing/ScreenAlignedUVs.uasset" 17
"../../../Engine/Content/Functions/Engine_MaterialFunctions02/Utility/MakeFloat2.uasset" 18
"../../../Engine/Content/Functions/Engine_MaterialFunctions02/Utility/MakeFloat3.uasset" 19
"../../../Engine/Content/EngineMaterials/MiniFont.uasset" 20
"../../../Engine/Content/BufferVisualization/CustomStencil.uasset" 21
"../../../Engine/Content/BufferVisualization/FinalImage.uasset" 22
"../../../Engine/Content/BufferVisualization/LightingModel.uasset" 23
"../../../Engine/Content/BufferVisualization/MaterialAO.uasset" 24
"../../../Engine/Content/BufferVisualization/Metallic.uasset" 25
"../../../Engine/Content/BufferVisualization/Opacity.uasset" 26
"../../../Engine/Content/BufferVisualization/PostTonemapHDRColor.uasset" 27
"../../../Engine/Content/BufferVisualization/PreTonemapHDRColor.uasset" 28
"../../../Engine/Content/BufferVisualization/Roughness.uasset" 29
"../../../Engine/Content/BufferVisualization/SceneColor.uasset" 30
"../../../Engine/Content/BufferVisualization/SceneDepth.uasset" 31
"../../../Engine/Content/BufferVisualization/SceneDepthWorldUnits.uasset" 32
"../../../Engine/Content/BufferVisualization/SeparateTranslucencyA.uasset" 33
"../../../Engine/Content/BufferVisualization/SeparateTranslucencyRGB.uasset" 34
"../../../Engine/Content/BufferVisualization/Specular.uasset" 35
"../../../Engine/Content/BufferVisualization/SubsurfaceColor.uasset" 36
"../../../Engine/Content/BufferVisualization/WorldNormal.uasset" 37
"../../../Engine/Content/EditorLandscapeResources/DataLayer.uasset" 38
"../../../Engine/Content/EditorLandscapeResources/DefaultAlphaTexture.uasset" 39
"../../../Engine/Content/EditorLandscapeResources/LandscapeGizmoHeight_Mat.uasset" 40
"../../../Engine/Content/EditorLandscapeResources/LandscapeGizmo_Mat.uasset" 41
"../../../Engine/Content/EditorLandscapeResources/LandscapeGizmo_Mat_Copied.uasset" 42
"../../../Engine/Content/EditorLandscapeResources/SplineEditorMeshMat.uasset" 43
"../../../Engine/Content/EditorLandscapeResources/SplineEditorMesh.uasset" 44
"../../../Engine/Content/EditorMaterials/Cross.uasset" 45
"../../../Engine/Content/EditorMaterials/Cross_Mat.uasset" 46
"../../../Engine/Content/EditorMaterials/GizmoMaterial.uasset" 47
"../../../Engine/Content/Functions/Engine_MaterialFunctions02/Utility/Sign.uasset" 48
"../../../Engine/Content/Functions/Engine_MaterialFunctions02/Utility/Round.uasset" 49
"../../../Engine/Content/Functions/Engine_MaterialFunctions02/ExampleContent/Textures/flipbook.uasset" 50
"../../../Engine/Content/Functions/Engine_MaterialFunctions02/Texturing/FlipBook.uasset" 51
"../../../Engine/Content/EditorResources/T_EditorHelp.uasset" 52
"../../../Engine/Content/EditorMaterials/HelpActorMaterial.uasset" 53
"../../../Engine/Content/EditorMaterials/CompositeARGBLayer.uasset" 54
"../../../Engine/Content/EditorMaterials/TilingAALineIntegral.uasset" 55
"../../../Engine/Content/EditorMaterials/TilingAALineBoxFiltered.uasset" 56
"../../../Engine/Content/Functions/Engine_MaterialFunctions03/Procedurals/ComputeFilterWidth.uasset" 57
"../../../Engine/Content/EditorMaterials/TilingAADots.uasset" 58
"../../../Engine/Content/EditorMaterials/Cascade/CASC_Cross.uasset" 59
"../../../Engine/Content/EditorMaterials/Cascade/CASC_None.uasset" 60
"../../../Engine/Content/Functions/Engine_MaterialFunctions03/Blends/Blend_Screen.uasset" 61
"../../../Engine/Content/EditorMaterials/TilingAAGrid.uasset" 62
"../../../Engine/Content/EditorMaterials/LevelGridMaterial.uasset" 63
"../../../Engine/Content/EditorMaterials/MakeCompositeARGBLayer.uasset" 64
"../../../Engine/Content/EditorResources/LevelGrid1DStripes.uasset" 65
"../../../Engine/Content/EditorMaterials/TextureGridCascaded1D.uasset" 66
"../../../Engine/Content/EditorMaterials/TextureGridCascaded2D.uasset" 67
"../../../Engine/Content/EditorMaterials/LevelGridMaterial2.uasset" 68
"../../../Engine/Content/EditorMaterials/MAT_Groups_Toggle.uasset" 69
"../../../Engine/Content/EditorMaterials/MAT_Groups_Visibility.uasset" 70
"../../../Engine/Content/EditorMaterials/PhAT_BoneSelectedMaterial.uasset" 71
"../../../Engine/Content/EditorMaterials/PhAT_ElemSelectedMaterial.uasset" 72
"../../../Engine/Content/EditorMaterials/PhAT_NoCollisionMaterial.uasset" 73
"../../../Engine/Content/EditorMaterials/PhAT_UnselectedMaterial.uasset" 74
"../../../Engine/Content/EditorMaterials/PreviewShadowIndicator.uasset" 75
"../../../Engine/Content/EditorMaterials/PreviewShadowIndicatorMaterial.uasset" 76
"../../../Engine/Content/EditorMaterials/TargetIcon.uasset" 77
"../../../Engine/Content/EditorMaterials/Tick.uasset" 78
"../../../Engine/Content/EditorMaterials/Tick_Mat.uasset" 79
"../../../Engine/Content/EditorMaterials/WidgetGridVertexColorMaterial.uasset" 80
"../../../Engine/Content/EditorMaterials/WidgetGridVertexColorMaterial_Ma.uasset" 81
"../../../Engine/Content/EditorMaterials/WidgetMaterial.uasset" 82
"../../../Engine/Content/EditorMaterials/WidgetMaterial_Current.uasset" 83
"../../../Engine/Content/EditorMaterials/WidgetMaterial_X.uasset" 84
"../../../Engine/Content/EditorMaterials/WidgetMaterial_Y.uasset" 85
"../../../Engine/Content/EditorMaterials/WidgetMaterial_Z.uasset" 86
"../../../Engine/Content/EditorMaterials/WidgetVertexColorMaterial.uasset" 87
"../../../Engine/Content/EditorMaterials/MatineeGroups/MAT_ColorTrack.uasset" 88
"../../../Engine/Content/EditorMaterials/MatineeGroups/MAT_Groups_Anim.uasset" 89
"../../../Engine/Content/EditorMaterials/MatineeGroups/MAT_Groups_AudioMaster.uasset" 90
"../../../Engine/Content/EditorMaterials/MatineeGroups/MAT_Groups_Director.uasset" 91
"../../../Engine/Content/EditorMaterials/MatineeGroups/MAT_Groups_Event.uasset" 92
"../../../Engine/Content/EditorMaterials/MatineeGroups/MAT_Groups_Fade.uasset" 93
"../../../Engine/Content/EditorMaterials/MatineeGroups/MAT_Groups_Float.uasset" 94
"../../../Engine/Content/EditorMaterials/MatineeGroups/MAT_Groups_Move.uasset" 95
"../../../Engine/Content/EditorMaterials/MatineeGroups/MAT_Groups_Slomo.uasset" 96
"../../../Engine/Content/EditorMaterials/MatineeGroups/MAT_Groups_Sound.uasset" 97
"../../../Engine/Content/EditorMaterials/MatineeGroups/MAT_Groups_Vector.uasset" 98
"../../../Engine/Content/EditorMaterials/ParticleSystems/PSysThumbnail_NoImage.uasset" 99
"../../../Engine/Content/EditorMaterials/ParticleSystems/PSysThumbnail_OOD.uasset" 100
"../../../Engine/Content/EngineMaterials/Grid.uasset" 101
"../../../Engine/Content/EditorMaterials/Thumbnails/FloorPlaneMaterial.uasset" 102
"../../../Engine/Content/EditorMeshes/EditorCube.uasset" 103
"../../../Engine/Content/EditorMeshes/EditorCylinder.uasset" 104
"../../../Engine/Content/EditorMeshes/EditorPlane.uasset" 105
"../../../Engine/Content/EditorMaterials/Thumbnails/SkySphereMaterial.uasset" 106
"../../../Engine/Content/EditorMeshes/EditorSkySphere.uasset" 107
"../../../Engine/Content/EditorMeshes/EditorSphere.uasset" 108
"../../../Engine/Content/EditorResources/MatineeCam_D.uasset" 109
"../../../Engine/Content/EditorMaterials/MatineeCam_mat.uasset" 110
"../../../Engine/Content/EditorMeshes/MatineeCam_SM.uasset" 111
"../../../Engine/Content/EditorMaterials/Camera/CineMat.uasset" 112
"../../../Engine/Content/EditorMaterials/Camera/MI_CineMat_CameraBody.uasset" 113
"../../../Engine/Content/EngineDebugMaterials/M_SimpleOpaque.uasset" 114
"../../../Engine/Content/EditorMaterials/Camera/MI_CineMat_CamViewFinder.uasset" 115
"../../../Engine/Content/EditorMeshes/Camera/SM_CineCam.uasset" 116
"../../../Engine/Content/EditorMaterials/Camera/MI_CineMat_Rig.uasset" 117
"../../../Engine/Content/EditorMeshes/Camera/SM_CraneRig_Arm.uasset" 118
"../../../Engine/Content/EditorMeshes/Camera/SM_CraneRig_Base.uasset" 119
"../../../Engine/Content/EditorMeshes/Camera/SM_CraneRig_Body.uasset" 120
"../../../Engine/Content/EditorMeshes/Camera/SM_CraneRig_Mount.uasset" 121
"../../../Engine/Content/EditorMeshes/Camera/SM_RailRig_Mount.uasset" 122
"../../../Engine/Content/EditorMeshes/ColorCalibrator/M_ChromeBall.uasset" 123
"../../../Engine/Content/EditorMeshes/ColorCalibrator/M_ClearCoat.uasset" 124
"../../../Engine/Content/EditorMeshes/ColorCalibrator/M_ClearCoatBlack.uasset" 125
"../../../Engine/Content/EditorMeshes/ColorCalibrator/Color_checker.uasset" 126
"../../../Engine/Content/EditorMeshes/ColorCalibrator/M_ColorGrid.uasset" 127
"../../../Engine/Content/EditorMeshes/ColorCalibrator/M_GreyBall.uasset" 128
"../../../Engine/Content/EditorMeshes/ColorCalibrator/SM_ColorCalibrator.uasset" 129
"../../../Engine/Content/EditorResources/Bad.uasset" 130
"../../../Engine/Content/EditorResources/BSPVertex.uasset" 131
"../../../Engine/Content/EditorResources/EmptyActor.uasset" 132
"../../../Engine/Content/EditorResources/MatInstActSprite.uasset" 133
"../../../Engine/Content/EditorResources/SceneManager.uasset" 134
"../../../Engine/Content/EditorResources/SmallFont.uasset" 135
"../../../Engine/Content/EditorResources/S_Actor.uasset" 136
"../../../Engine/Content/EditorResources/S_DecalActorIcon.uasset" 137
"../../../Engine/Content/EditorResources/S_Emitter.uasset" 138
"../../../Engine/Content/EditorResources/S_ExpoHeightFog.uasset" 139
"../../../Engine/Content/EditorResources/S_FTest.uasset" 140
"../../../Engine/Content/EditorResources/S_KBSJoint.uasset" 141
"../../../Engine/Content/EditorResources/S_KHinge.uasset" 142
"../../../Engine/Content/EditorResources/S_KPrismatic.uasset" 143
"../../../Engine/Content/EditorResources/S_LevelSequence.uasset" 144
"../../../Engine/Content/EditorResources/S_NavP.uasset" 145
"../../../Engine/Content/EditorResources/S_Note.uasset" 146
"../../../Engine/Content/EditorResources/S_Player.uasset" 147
"../../../Engine/Content/EditorResources/S_PortalActorIcon2.uasset" 148
"../../../Engine/Content/EditorResources/S_RadForce.uasset" 149
"../../../Engine/Content/EditorResources/S_ReflActorIcon.uasset" 150
"../../../Engine/Content/EditorResources/S_Terrain.uasset" 151
"../../../Engine/Content/EditorResources/S_TextRenderActorIcon.uasset" 152
"../../../Engine/Content/EditorResources/S_Thruster.uasset" 153
"../../../Engine/Content/EditorResources/S_Trigger.uasset" 154
"../../../Engine/Content/EditorResources/S_VectorFieldVol.uasset" 155
"../../../Engine/Content/EditorResources/S_WindDirectional.uasset" 156
"../../../Engine/Content/EditorResources/AI/S_NavLink.uasset" 157
"../../../Engine/Content/EditorResources/AudioIcons/S_AudioComponent.uasset" 158
"../../../Engine/Content/EditorResources/LightIcons/SkyLight.uasset" 159
"../../../Engine/Content/EditorResources/LightIcons/S_LightDirectional.uasset" 160
"../../../Engine/Content/EditorResources/LightIcons/S_LightDirectionalMove.uasset" 161
"../../../Engine/Content/EditorResources/LightIcons/S_LightError.uasset" 162
"../../../Engine/Content/EditorResources/LightIcons/S_LightPoint.uasset" 163
"../../../Engine/Content/EditorResources/LightIcons/S_LightPointMove.uasset" 164
"../../../Engine/Content/EditorResources/LightIcons/S_LightSpot.uasset" 165
"../../../Engine/Content/EditorResources/LightIcons/S_LightSpotMove.uasset" 166
"../../../Engine/Content/EditorResources/SequenceRecorder/Countdown.uasset" 167
"../../../Engine/Content/EditorResources/SequenceRecorder/RecordingIndicator.uasset" 168
"../../../Engine/Content/EditorResources/Spline/T_Loft_Spline.uasset" 169
"../../../Engine/Content/EditorSounds/Notifications/CompileFailed.uasset" 170
"../../../Engine/Content/EditorSounds/Notifications/CompileFailed_Cue.uasset" 171
"../../../Engine/Content/EditorSounds/Notifications/CompileSuccess.uasset" 172
"../../../Engine/Content/EditorSounds/Notifications/CompileStart_Cue.uasset" 173
"../../../Engine/Content/EditorSounds/Notifications/CompileSuccess_Cue.uasset" 174
"../../../Engine/Content/EngineDamageTypes/DmgTypeBP_Environmental.uasset" 175
"../../../Engine/Content/EngineDebugMaterials/HeatmapGradient.uasset" 176
"../../../Engine/Content/EngineDebugMaterials/BoneWeightMaterial.uasset" 177
"../../../Engine/Content/EngineDebugMaterials/ClothMaterial.uasset" 178
"../../../Engine/Content/EngineDebugMaterials/ClothMaterial_WF.uasset" 179
"../../../Engine/Content/EngineDebugMaterials/DebugEditorMaterial.uasset" 180
"../../../Engine/Content/EngineDebugMaterials/DebugMeshMaterial.uasset" 181
"../../../Engine/Content/EngineDebugMaterials/GeomMaterial.uasset" 182
"../../../Engine/Content/Functions/Engine_MaterialFunctions01/Shading/ConvertFromDiffSpec.uasset" 183
"../../../Engine/Content/EngineDebugMaterials/LevelColorationLitMaterial.uasset" 184
"../../../Engine/Content/EngineDebugMaterials/LevelColorationUnlitMaterial.uasset" 185
"../../../Engine/Content/EngineMaterials/DefaultWhiteGrid.uasset" 186
"../../../Engine/Content/EngineDebugMaterials/MAT_LevelColorationLitLightmapUV.uasset" 187
"../../../Engine/Content/EngineDebugMaterials/M_SimpleTranslucent.uasset" 188
"../../../Engine/Content/EngineDebugMaterials/ShadedLevelColorationLitMaterial.uasset" 189
"../../../Engine/Content/EngineDebugMaterials/ShadedLevelColorationUnlitMateri.uasset" 190
"../../../Engine/Content/EngineDebugMaterials/VertexColorMaterial.uasset" 191
"../../../Engine/Content/EngineDebugMaterials/VertexColorViewMode_AlphaAsColor.uasset" 192
"../../../Engine/Content/EngineDebugMaterials/VertexColorViewMode_BlueOnly.uasset" 193
"../../../Engine/Content/EngineDebugMaterials/VertexColorViewMode_ColorOnly.uasset" 194
"../../../Engine/Content/EngineDebugMaterials/VertexColorViewMode_GreenOnly.uasset" 195
"../../../Engine/Content/EngineDebugMaterials/VertexColorViewMode_RedOnly.uasset" 196
"../../../Engine/Content/EngineDebugMaterials/WireframeMaterial.uasset" 197
"../../../Engine/Content/EngineFonts/Faces/RobotoBold.uasset" 198
"../../../Engine/Content/EngineFonts/Faces/RobotoBoldItalic.uasset" 199
"../../../Engine/Content/EngineFonts/Faces/RobotoItalic.uasset" 200
"../../../Engine/Content/EngineFonts/Faces/RobotoLight.uasset" 201
"../../../Engine/Content/EngineFonts/Faces/RobotoRegular.uasset" 202
"../../../Engine/Content/EngineFonts/Roboto.uasset" 203
"../../../Engine/Content/EngineFonts/Faces/RobotoTiny.uasset" 204
"../../../Engine/Content/EngineFonts/RobotoTiny.uasset" 205
"../../../Engine/Content/EngineFonts/SmallFont.uasset" 206
"../../../Engine/Content/EngineFonts/TinyFont.uasset" 207
"../../../Engine/Content/EngineResources/WhiteSquareTexture.uasset" 208
"../../../Engine/Content/EngineMaterials/BlinkingCaret.uasset" 209
"../../../Engine/Content/EngineMaterials/DefaultBloomKernel.uasset" 210
"../../../Engine/Content/EngineMaterials/DefaultBokeh.uasset" 211
"../../../Engine/Content/EngineMaterials/DefaultDiffuse.uasset" 212
"../../../Engine/Content/EngineMaterials/DefaultDeferredDecalMaterial.uasset" 213
"../../../Engine/Content/EngineMaterials/DefaultLightFunctionMaterial.uasset" 214
"../../../Engine/Content/EngineMaterials/DefaultNormal.uasset" 215
"../../../Engine/Content/EngineMaterials/DefaultPostProcessMaterial.uasset" 216
"../../../Engine/Content/EngineFonts/RobotoDistanceField.uasset" 217
"../../../Engine/Content/EngineMaterials/DefaultTextMaterialOpaque.uasset" 218
"../../../Engine/Content/EngineMaterials/EditorBrushMaterial.uasset" 219
"../../../Engine/Content/EngineMaterials/Good64x64TilingNoiseHighFreq.uasset" 220
"../../../Engine/Content/EngineMaterials/Grid_N.uasset" 221
"../../../Engine/Content/EngineMaterials/HighResolutionScreenshotMaskFunction.uasset" 222
"../../../Engine/Content/EngineMaterials/HighResScreenshot.uasset" 223
"../../../Engine/Content/EngineMaterials/HighResScreenshotCaptureRegion.uasset" 224
"../../../Engine/Content/EngineMaterials/HighResScreenshotMask.uasset" 225
"../../../Engine/Content/EngineMaterials/LandscapeHolePhysicalMaterial.uasset" 226
"../../../Engine/Content/EngineMaterials/InvalidLightmapSettings.uasset" 227
"../../../Engine/Content/EngineMaterials/M_InvalidLightmapSettings.uasset" 228
"../../../Engine/Content/EngineMaterials/PaperDiffuse.uasset" 229
"../../../Engine/Content/EngineMaterials/PaperNormal.uasset" 230
"../../../Engine/Content/Functions/Engine_MaterialFunctions02/WorldPositionOffset/CameraOffset.uasset" 231
"../../../Engine/Content/EngineMaterials/PhAT_JointLimitMaterial.uasset" 232
"../../../Engine/Content/EngineMaterials/PhysMat_Rubber.uasset" 233
"../../../Engine/Content/EngineMaterials/PreintegratedSkinBRDF.uasset" 234
"../../../Engine/Content/EngineMaterials/RemoveSurfaceMaterial.uasset" 235
"../../../Engine/Content/EngineMaterials/WeightMapPlaceholderTexture.uasset" 236
"../../../Engine/Content/EngineMaterials/Widget3DPassThrough.uasset" 237
"../../../Engine/Content/EngineMaterials/Widget3DPassThrough_Masked.uasset" 238
"../../../Engine/Content/EngineMaterials/Widget3DPassThrough_Opaque.uasset" 239
"../../../Engine/Content/EngineMaterials/Widget3DPassThrough_Masked_OneSided.uasset" 240
"../../../Engine/Content/EngineMaterials/Widget3DPassThrough_Opaque_OneSided.uasset" 241
"../../../Engine/Content/EngineMaterials/Widget3DPassThrough_Translucent.uasset" 242
"../../../Engine/Content/EngineMaterials/Widget3DPassThrough_Translucent_OneSided.uasset" 243
"../../../Engine/Content/EngineMeshes/Cube.uasset" 244
"../../../Engine/Content/EngineMeshes/Cylinder.uasset" 245
"../../../Engine/Content/EngineMeshes/Sphere.uasset" 246
"../../../Engine/Content/EngineResources/Black.uasset" 247
"../../../Engine/Content/EngineResources/DefaultTexture.uasset" 248
"../../../Engine/Content/EngineResources/DefaultTextureCube.uasset" 249
"../../../Engine/Content/EngineResources/GradientTexture0.uasset" 250
"../../../Engine/Content/EngineResources/StreamingPauseIcon.uasset" 251
"../../../Engine/Content/EngineResources/M_StreamingPause.uasset" 252
"../../../Engine/Content/EngineSounds/Master.uasset" 253
"../../../Engine/Content/Functions/Engine_MaterialFunctions01/Shading/PowerToRoughness.uasset" 254
"../../../Engine/Content/Maps/Templates/Thumbnails/Default.uasset" 255
"../../../Engine/Content/Maps/Templates/Thumbnails/VR-Basic.uasset" 256
"../../../Engine/Content/MapTemplates/Sky/DaylightAmbientCubemap.uasset" 257
"../../../Engine/Content/MobileResources/T_MobileControls_texture.uasset" 258
"../../../Engine/Content/MobileResources/T_MobileMenu2.uasset" 259
"../../../Engine/Content/MobileResources/HUD/AnalogHat.uasset" 260
"../../../Engine/Content/MobileResources/HUD/VirtualJoystick_Background.uasset" 261
"../../../Engine/Content/MobileResources/HUD/VirtualJoystick_Thumb.uasset" 262
"../../../Engine/Content/MobileResources/HUD/DefaultVirtualJoysticks.uasset" 263
"../../../Engine/Content/MobileResources/HUD/LeftVirtualJoystickOnly.uasset" 264
"../../../Engine/Content/MobileResources/HUD/MobileHUDButton1_off.uasset" 265
"../../../Engine/Content/MobileResources/HUD/MobileHUDButton1_on.uasset" 266
"../../../Engine/Content/MobileResources/HUD/MobileHUDButton2_off.uasset" 267
"../../../Engine/Content/MobileResources/HUD/MobileHUDButton2_on.uasset" 268
"../../../Engine/Content/MobileResources/HUD/MobileHUDButton3.uasset" 269
"../../../Engine/Content/MobileResources/HUD/MobileHUDButtonFire.uasset" 270
"../../../Engine/Content/MobileResources/HUD/MobileHUDDirectionPad.uasset" 271
"../../../Engine/Content/MobileResources/HUD/MobileHUDDirectionPad2.uasset" 272
"../../../Engine/Content/MobileResources/HUD/MobileHUDDirectionPad3.uasset" 273
"../../../Engine/Content/MobileResources/HUD/MobileHUDDirectionStick.uasset" 274
"../../../Engine/Content/MobileResources/HUD/T_Castle_ThumbstickInner.uasset" 275
"../../../Engine/Content/MobileResources/HUD/T_Castle_ThumbstickOutter.uasset" 276
"../../../Engine/Content/Tutorial/ContentIntroCurve.uasset" 277
"../../../Engine/Content/Tutorial/Basics/TutorialAssets/icon_tab_Levels_40x.uasset" 278
"../../../Engine/Content/Tutorial/BlueprintTutorials/TutorialAssets/BlueprintInterface_64x.uasset" 279
"../../../Engine/Content/Tutorial/BlueprintTutorials/TutorialAssets/BlueprintMacroLibrary_64x.uasset" 280
"../../../Engine/Content/Tutorial/BlueprintTutorials/TutorialAssets/Blueprint_64x.uasset" 281
"../../../Engine/Content/Tutorial/BlueprintTutorials/TutorialAssets/Tutorial_BP_Interface.uasset" 282
"../../../Engine/Content/Tutorial/Foliage/TutorialAssets/Foliage.uasset" 283
"../../../Engine/Content/Tutorial/Landscape/TutorialAssets/Landscape.uasset" 284
"../../../Engine/Content/Tutorial/Paper2D/TutorialAssets/Paper2DFlipbook_TutorialIcon.uasset" 285
"../../../Engine/Content/Tutorial/Paper2D/TutorialAssets/Paper2DSprite_TutorialIcon.uasset" 286
"../../../Engine/Content/Tutorial/SubEditors/TutorialAssets/icon_Editor_Preferences_General_40x.uasset" 287
"../../../Engine/Content/Tutorial/SubEditors/TutorialAssets/icon_ShowSkeletalMeshes_40x.uasset" 288
"../../../Engine/Content/Tutorial/SubEditors/TutorialAssets/TutorialMaterial.uasset" 289
"../../../Engine/Content/Tutorial/SubEditors/TutorialAssets/T_SmokeSubUV_8X8.uasset" 290
"../../../Engine/Content/Tutorial/SubEditors/TutorialAssets/T_soft_smoke.uasset" 291
"../../../Engine/Content/Tutorial/SubEditors/TutorialAssets/M_smoke_subUV_blackbody.uasset" 292
"../../../Engine/Content/Tutorial/SubEditors/TutorialAssets/TutorialParticleSystem.uasset" 293
"../../../Engine/Content/VREditor/Devices/Generic/GenericHMDMaterial.uasset" 294
"../../../Engine/Content/VREditor/Devices/Generic/GenericHMD.uasset" 295
"../../../Engine/Content/VREditor/FloatingText/LineMaterial.uasset" 296
"../../../Engine/Content/VREditor/FloatingText/JointSphere.uasset" 297
"../../../Engine/Content/VREditor/FloatingText/LineSegmentCylinder.uasset" 298
"../../../Engine/Content/VREditor/Fonts/VRText_RobotoLarge.uasset" 299
"../../../Engine/Content/VREditor/Fonts/VRTextMaterial.uasset" 300
"../../../Engine/Content/VREditor/Fonts/TranslucentVRTextMaterial.uasset" 301
"../../../Engine/Content/VREditor/LaserPointer/CursorPointer.uasset" 302
"../../../Engine/Content/VREditor/LaserPointer/VR_LaserPower_01.uasset" 303
"../../../Engine/Content/VREditor/TransformGizmo/TransformGizmoMaterial.uasset" 304
"../../../Engine/Content/VREditor/LaserPointer/HoverMaterial.uasset" 305
"../../../Engine/Content/VREditor/TransformGizmo/TranslucentTransformGizmoMaterial.uasset" 306
"../../../Engine/Content/VREditor/LaserPointer/TranslucentHoverMaterial.uasset" 307
"../../../Engine/Content/VREditor/LaserPointer/HoverMesh.uasset" 308
"../../../Engine/Content/VREditor/LaserPointer/LaserPointerMaterial.uasset" 309
"../../../Engine/Content/VREditor/LaserPointer/LaserPointerMaterialInst.uasset" 310
"../../../Engine/Content/VREditor/LaserPointer/TranslucentLaserPointerMaterialInst.uasset" 311
"../../../Engine/Content/VREditor/LaserPointer/LaserPointerMesh.uasset" 312
"../../../Engine/Content/VREditor/LaserPointer/LaserPointerMesh_End.uasset" 313
"../../../Engine/Content/VREditor/LaserPointer/LaserPointerMesh_Start.uasset" 314
"../../../Engine/Content/Functions/Engine_MaterialFunctions02/Utility/BreakOutFloat3Components.uasset" 315
"../../../Engine/Content/Functions/Engine_MaterialFunctions02/Math/Transform3x3Matrix.uasset" 316
"../../../Engine/Content/Functions/Engine_MaterialFunctions02/SplitComponents.uasset" 317
"../../../Engine/Content/VREditor/SnapGrid/SnapGridMaterial.uasset" 318
"../../../Engine/Content/VREditor/SnapGrid/SnapGridPlaneMesh.uasset" 319
"../../../Engine/Content/VREditor/Sounds/VR_teleport.uasset" 320
"../../../Engine/Content/VREditor/Sounds/UI/Click_on_Button_Cue.uasset" 321
"../../../Engine/Content/VREditor/Sounds/UI/Dockable_Window_Close.uasset" 322
"../../../Engine/Content/VREditor/Sounds/UI/Dockable_Window_Drop.uasset" 323
"../../../Engine/Content/VREditor/Sounds/UI/Dockable_Window_Open.uasset" 324
"../../../Engine/Content/VREditor/Sounds/UI/Dockable_Window_Pick_Up.uasset" 325
"../../../Engine/Content/VREditor/Sounds/UI/Drop_Item_From_ContentBrowser.uasset" 326
"../../../Engine/Content/VREditor/Sounds/UI/Floating_UI_Open-001.uasset" 327
"../../../Engine/Content/VREditor/Sounds/UI/Gizmo_Handle_Clicked.uasset" 328
"../../../Engine/Content/VREditor/Sounds/UI/Object_PickUp.uasset" 329
"../../../Engine/Content/VREditor/Sounds/UI/Object_Snaps_To_Another_Actor.uasset" 330
"../../../Engine/Content/VREditor/Sounds/UI/Object_Snaps_To_Grid.uasset" 331
"../../../Engine/Content/VREditor/Sounds/UI/Radial_Menu_FadeOut.uasset" 332
"../../../Engine/Content/VREditor/Sounds/UI/Scaling_Down.uasset" 333
"../../../Engine/Content/VREditor/Sounds/UI/Scaling_Up.uasset" 334
"../../../Engine/Content/VREditor/Sounds/UI/Selection_Changes.uasset" 335
"../../../Engine/Content/VREditor/Sounds/UI/Teleport_Mode_Entered.uasset" 336
"../../../Engine/Content/VREditor/Teleport/TeleportDirectionMaterial.uasset" 337
"../../../Engine/Content/VREditor/Teleport/TeleportDirectionMaterial_Inst.uasset" 338
"../../../Engine/Content/VREditor/Teleport/TeleportDirectionMesh.uasset" 339
"../../../Engine/Content/VREditor/TransformGizmo/BoundingBoxCorner.uasset" 340
"../../../Engine/Content/VREditor/TransformGizmo/BoundingBoxEdge.uasset" 341
"../../../Engine/Content/VREditor/TransformGizmo/PlaneTranslationHandle.uasset" 342
"../../../Engine/Content/VREditor/TransformGizmo/RotationHandleFull.uasset" 343
"../../../Engine/Content/VREditor/TransformGizmo/RotationHandleIndicator.uasset" 344
"../../../Engine/Content/VREditor/TransformGizmo/RotationHandleQuarter.uasset" 345
"../../../Engine/Content/VREditor/TransformGizmo/Main.uasset" 346
"../../../Engine/Content/VREditor/TransformGizmo/Xray.uasset" 347
"../../../Engine/Content/VREditor/TransformGizmo/SM_Dialog_Close.uasset" 348
"../../../Engine/Content/VREditor/TransformGizmo/SM_Dialog_Move.uasset" 349
"../../../Engine/Content/VREditor/TransformGizmo/SM_Sequencer_Key.uasset" 350
"../../../Engine/Content/VREditor/TransformGizmo/SM_Sequencer_Node.uasset" 351
"../../../Engine/Content/VREditor/TransformGizmo/StartRotationHandleIndicator.uasset" 352
"../../../Engine/Content/VREditor/TransformGizmo/TranslucentTransformGizmoMaterial_Inst.uasset" 353
"../../../Engine/Content/VREditor/TransformGizmo/TransformGizmoFreeRotation.uasset" 354
"../../../Engine/Content/VREditor/TransformGizmo/TransformGizmoMaterial_Inst.uasset" 355
"../../../Engine/Content/VREditor/TransformGizmo/TranslateArrowHandle.uasset" 356
"../../../Engine/Content/VREditor/TransformGizmo/UniformScaleHandle.uasset" 357
"../../../Engine/Content/VREditor/UI/KeyDiskMaterial.uasset" 358
"../../../Engine/Content/VREditor/UI/DiscMaterial.uasset" 359
"../../../Engine/Content/VREditor/UI/SM_Radial_Disk.uasset" 360
"../../../Engine/Content/Functions/Engine_MaterialFunctions01/Gradient/RadialGradient.uasset" 361
"../../../Engine/Content/VREditor/WorldMovementGrid/SimpleGrid.uasset" 362
"../../../Engine/Content/VREditor/WorldMovementGrid/GridMaterial.uasset" 363
"../../../Engine/Content/Functions/Engine_MaterialFunctions01/Density/ExponentialDensity.uasset" 364
"../../../Engine/Content/VREditor/WorldMovementGrid/GridPostProcess.uasset" 365
"../../../Engine/Content/EditorLandscapeResources/FlattenHeightMat.uasset" 366
"../../../Engine/Content/VREditor/WorldMovementGrid/PlaneMesh.uasset" 367
"../../../GDP_Project/Content/Assets/Fan/Materials/Fan_low_DefaultMaterial_BaseColor.uasset" 368
"../../../GDP_Project/Content/Assets/Fan/Materials/Fan_low_DefaultMaterial_Normal.uasset" 369
"../../../GDP_Project/Content/Assets/Fan/Materials/Fan_low_DefaultMaterial_OcclusionRoughnessMetallic.uasset" 370
"../../../GDP_Project/Content/Assets/Fan/Materials/FanM.uasset" 371
"../../../GDP_Project/Content/Assets/Fan/Fan.uasset" 372
"../../../GDP_Project/Content/Assets/Hotswap/Hotswap_DefaultMaterial_BaseColor.uasset" 373
"../../../GDP_Project/Content/Assets/Hotswap/Hotswap_DefaultMaterial_Metallic.uasset" 374
"../../../GDP_Project/Content/Assets/Hotswap/Hotswap_DefaultMaterial_Normal.uasset" 375
"../../../GDP_Project/Content/Assets/Hotswap/Hotswap_DefaultMaterial_Roughness.uasset" 376
"../../../GDP_Project/Content/Assets/Hotswap/HotswapMat.uasset" 377
"../../../GDP_Project/Content/Assets/Hotswap/Hotswap.uasset" 378
"../../../GDP_Project/Content/Car/TOYCAR_Skeleton.uasset" 379
"../../../GDP_Project/Content/Car/TOYCAR_Skeleton_AnimBlueprint.uasset" 380
"../../../GDP_Project/Content/EnviBlockout/OldBlockout/01_-_Default.uasset" 381
"../../../GDP_Project/Content/EnviBlockout/OldBlockout/02_-_Default1.uasset" 382
"../../../GDP_Project/Content/Menus/PlaneList/Hull.uasset" 383
"../../../GDP_Project/Content/Menus/PlaneList/HullCollected.uasset" 384
"../../../GDP_Project/Content/Menus/PlaneList/Paper.uasset" 385
"../../../GDP_Project/Content/Menus/PlaneList/PropCollected.uasset" 386
"../../../GDP_Project/Content/Menus/PlaneList/Propeller.uasset" 387
"../../../GDP_Project/Content/Menus/PlaneList/Wings.uasset" 388
"../../../GDP_Project/Content/Menus/PlaneList/WingsCollected.uasset" 389
"../../../GDP_Project/Content/HUD/CarHUD.uasset" 390
"../../../GDP_Project/Content/HUD/HUD_Widget.uasset" 391
"../../../GDP_Project/Content/Menus/EKeyboardKey.uasset" 392
"../../../GDP_Project/Content/HUD/InteractWidget.uasset" 393
"../../../GDP_Project/Content/HUD/VehicleWidget.uasset" 394
"../../../Engine/Content/EditorBlueprintResources/StandardMacros.uasset" 395
"../../../GDP_Project/Content/Achievements/AchievementAssets/Earned/Blazin_Speed.uasset" 396
"../../../GDP_Project/Content/Achievements/AchievementAssets/Earned/Boys_Will_Be_Boys.uasset" 397
"../../../GDP_Project/Content/Achievements/AchievementAssets/Earned/Car_Football_Sounds_Silly.uasset" 398
"../../../GDP_Project/Content/Achievements/AchievementAssets/Earned/Fredom.uasset" 399
"../../../GDP_Project/Content/Achievements/AchievementAssets/Earned/Good_Luck_Were_Counting_On_You.uasset" 400
"../../../GDP_Project/Content/Achievements/AchievementAssets/Earned/Hurry_Up_Its_Raid_Night.uasset" 401
"../../../GDP_Project/Content/Achievements/AchievementAssets/Earned/Just_Lounging_Around.uasset" 402
"../../../GDP_Project/Content/Achievements/AchievementAssets/Earned/Just_Wingin_It.uasset" 403
"../../../GDP_Project/Content/Achievements/AchievementAssets/Earned/Lock_Shock_And_Pop.uasset" 404
"../../../GDP_Project/Content/Achievements/AchievementAssets/Earned/More_Than_Just_A_Prop_png.uasset" 405
"../../../GDP_Project/Content/Achievements/AchievementAssets/Earned/Not_As_Easy_As_It_Looks.uasset" 406
"../../../GDP_Project/Content/Achievements/AchievementAssets/Earned/Off_The_Rails.uasset" 407
"../../../GDP_Project/Content/Achievements/AchievementAssets/Earned/Surely_You_Cant_Be_Serious.uasset" 408
"../../../GDP_Project/Content/Achievements/AchievementAssets/Earned/Swept_Under_The_Rug.uasset" 409
"../../../GDP_Project/Content/Achievements/AchievementAssets/Earned/Theres_Always_Time_To_Play.uasset" 410
"../../../GDP_Project/Content/Achievements/Achievements/Popups/Battery.uasset" 411
"../../../GDP_Project/Content/Achievements/Achievements/Popups/BlazingSpeed.uasset" 412
"../../../GDP_Project/Content/Achievements/Achievements/Popups/BoysBBoys.uasset" 413
"../../../GDP_Project/Content/Achievements/Achievements/Popups/FREEDOM.uasset" 414
"../../../GDP_Project/Content/Achievements/Achievements/Popups/Lounging.uasset" 415
"../../../GDP_Project/Content/Achievements/Achievements/Popups/MissileTournament.uasset" 416
"../../../GDP_Project/Content/Achievements/Achievements/Popups/NotAsEasyAsItLooks.uasset" 417
"../../../GDP_Project/Content/Achievements/Achievements/Popups/NotJustAProp.uasset" 418
"../../../GDP_Project/Content/Achievements/Achievements/Popups/OffTheRails.uasset" 419
"../../../GDP_Project/Content/Achievements/Achievements/Popups/PlayTimesOver.uasset" 420
"../../../GDP_Project/Content/Achievements/Achievements/Popups/RaidNight.uasset" 421
"../../../GDP_Project/Content/Achievements/Achievements/Popups/SurelyYouCantBeSerious.uasset" 422
"../../../GDP_Project/Content/Achievements/Achievements/Popups/SweptUnderTheRug.uasset" 423
"../../../GDP_Project/Content/Achievements/Achievements/Popups/VectorVictor.uasset" 424
"../../../GDP_Project/Content/Achievements/Achievements/Popups/WingingIt.uasset" 425
"../../../GDP_Project/Content/Achievements/AchievementEarned.uasset" 426
"../../../GDP_Project/Content/Sounds/Achievement.uasset" 427
"../../../GDP_Project/Content/Blueprints/AchievementManagerBP.uasset" 428
"../../../GDP_Project/Content/Achievements/Achievements/CompletedAchievements/Battery.uasset" 429
"../../../GDP_Project/Content/Achievements/Achievements/CompletedAchievements/Blazing.uasset" 430
"../../../GDP_Project/Content/Achievements/Achievements/CompletedAchievements/BoysBBoys.uasset" 431
"../../../GDP_Project/Content/Achievements/Achievements/CompletedAchievements/Freedom.uasset" 432
"../../../GDP_Project/Content/Achievements/Achievements/CompletedAchievements/Lounging.uasset" 433
"../../../GDP_Project/Content/Achievements/Achievements/CompletedAchievements/MissileTournament.uasset" 434
"../../../GDP_Project/Content/Achievements/Achievements/CompletedAchievements/NotAsEasy.uasset" 435
"../../../GDP_Project/Content/Achievements/Achievements/CompletedAchievements/OffTheRails.uasset" 436
"../../../GDP_Project/Content/Achievements/Achievements/CompletedAchievements/PlayTime.uasset" 437
"../../../GDP_Project/Content/Achievements/Achievements/CompletedAchievements/Prop.uasset" 438
"../../../GDP_Project/Content/Achievements/Achievements/CompletedAchievements/RaidNight.uasset" 439
"../../../GDP_Project/Content/Achievements/Achievements/CompletedAchievements/Surely.uasset" 440
"../../../GDP_Project/Content/Achievements/Achievements/CompletedAchievements/SweptUnderTheRug.uasset" 441
"../../../GDP_Project/Content/Achievements/Achievements/CompletedAchievements/VectorAchieved.uasset" 442
"../../../GDP_Project/Content/Achievements/Achievements/CompletedAchievements/Winging.uasset" 443
"../../../GDP_Project/Content/Achievements/Achievements/LockedAchievements/Battery.uasset" 444
"../../../GDP_Project/Content/Achievements/Achievements/LockedAchievements/Blazing.uasset" 445
"../../../GDP_Project/Content/Achievements/Achievements/LockedAchievements/BoysBBoys.uasset" 446
"../../../GDP_Project/Content/Achievements/Achievements/LockedAchievements/freedom.uasset" 447
"../../../GDP_Project/Content/Achievements/Achievements/LockedAchievements/Lounging.uasset" 448
"../../../GDP_Project/Content/Achievements/Achievements/LockedAchievements/missileTournament.uasset" 449
"../../../GDP_Project/Content/Achievements/Achievements/LockedAchievements/NotAsEasy.uasset" 450
"../../../GDP_Project/Content/Achievements/Achievements/LockedAchievements/OffTheRails.uasset" 451
"../../../GDP_Project/Content/Achievements/Achievements/LockedAchievements/Playtime.uasset" 452
"../../../GDP_Project/Content/Achievements/Achievements/LockedAchievements/Prop.uasset" 453
"../../../GDP_Project/Content/Achievements/Achievements/LockedAchievements/RaidNight.uasset" 454
"../../../GDP_Project/Content/Achievements/Achievements/LockedAchievements/Surely.uasset" 455
"../../../GDP_Project/Content/Achievements/Achievements/LockedAchievements/swept.uasset" 456
"../../../GDP_Project/Content/Achievements/Achievements/LockedAchievements/VectorLocked.uasset" 457
"../../../GDP_Project/Content/Achievements/Achievements/LockedAchievements/Winging.uasset" 458
"../../../GDP_Project/Content/Achievements/Background.uasset" 459
"../../../GDP_Project/Content/Achievements/button-31222_960_720.uasset" 460
"../../../GDP_Project/Content/Sounds/Button.uasset" 461
"../../../GDP_Project/Content/Achievements/Achievements.uasset" 462
"../../../GDP_Project/Content/Menus/Buttonsv3/MainMenu/Achievements/ClickedAchievements.uasset" 463
"../../../GDP_Project/Content/Menus/Buttonsv3/MainMenu/Achievements/HoverAchievements.uasset" 464
"../../../GDP_Project/Content/Menus/Buttonsv3/MainMenu/Achievements/StaticAchievements.uasset" 465
"../../../GDP_Project/Content/Menus/Buttonsv3/MainMenu/Exit/ClickedExit.uasset" 466
"../../../GDP_Project/Content/Menus/Buttonsv3/MainMenu/Exit/HoverExit.uasset" 467
"../../../GDP_Project/Content/Menus/Buttonsv3/MainMenu/Exit/StaticExit.uasset" 468
"../../../GDP_Project/Content/Menus/Buttonsv3/MainMenu/Resume/HoverResume.uasset" 469
"../../../GDP_Project/Content/Menus/Buttonsv3/MainMenu/Resume/StaticResume.uasset" 470
"../../../GDP_Project/Content/Menus/PauseMenu.uasset" 471
"../../../GDP_Project/Content/Blueprints/MyToyPlaneBP.uasset" 472
"../../../GDP_Project/Content/Plane/PlaneHUD.uasset" 473
"../../../GDP_Project/Content/Puzzles/Timer.uasset" 474
"../../../GDP_Project/Content/Train/TrainHUD.uasset" 475
"../../../GDP_Project/Content/HUD/Game_HUD_BP.uasset" 476
"../../../GDP_Project/Content/Plane/Texture/DefaultMaterial_ambient_occlusion.uasset" 477
"../../../GDP_Project/Content/Plane/Texture/PlaneBlow_DefaultMaterial_BaseColor.uasset" 478
"../../../GDP_Project/Content/Plane/Texture/PlaneBlow_DefaultMaterial_Metallic.uasset" 479
"../../../GDP_Project/Content/Plane/Texture/PlaneBlow_DefaultMaterial_Normal.uasset" 480
"../../../GDP_Project/Content/Plane/Texture/PlaneBlow_DefaultMaterial_Roughness.uasset" 481
"../../../GDP_Project/Content/Plane/Texture/Plane_Material.uasset" 482
"../../../GDP_Project/Content/Plane/Plane_Plane.uasset" 483
"../../../GDP_Project/Content/Sounds/Background_Audio.uasset" 484
"../../../GDP_Project/Content/Sounds/Background_Audio_Cue.uasset" 485
"../../../GDP_Project/Content/Sounds/CameraPuzzleSound.uasset" 486
"../../../GDP_Project/Content/Sounds/CameraPuzzle_Cue.uasset" 487
"../../../GDP_Project/Content/Sounds/rc_car_skid_01.uasset" 488
"../../../GDP_Project/Content/Sounds/rc_car_skid_02.uasset" 489
"../../../GDP_Project/Content/Sounds/rc_car_skid_03.uasset" 490
"../../../GDP_Project/Content/Sounds/rc_car_skid_04.uasset" 491
"../../../GDP_Project/Content/Sounds/rc_car_skid_05.uasset" 492
"../../../GDP_Project/Content/Sounds/rc_car_skid_06.uasset" 493
"../../../GDP_Project/Content/Sounds/rc_car_skid_07.uasset" 494
"../../../GDP_Project/Content/Sounds/rc_car_skid_08.uasset" 495
"../../../GDP_Project/Content/Sounds/Car_Break_Cue.uasset" 496
"../../../GDP_Project/Content/Sounds/rc_car_motor.uasset" 497
"../../../GDP_Project/Content/Sounds/Car_Engine_Cue.uasset" 498
"../../../GDP_Project/Content/Sounds/TimerPuzzle.uasset" 499
"../../../GDP_Project/Content/Sounds/TimePuzzle_Cue.uasset" 500
"../../../GDP_Project/Content/Sounds/all_aboard_with_slide.uasset" 501
"../../../GDP_Project/Content/Sounds/crazy_train_loop.uasset" 502
"../../../GDP_Project/Content/Sounds/Train_Cue.uasset" 503
"../../../GDP_Project/Content/TestingPurpose/RespawnSpot.uasset" 504
"../../../GDP_Project/Content/TestingPurpose/RespawnTrigger.uasset" 505
"../../../GDP_Project/Content/TestingPurpose/TimePuzzle.uasset" 506
"../../../GDP_Project/Content/Train/TrainTextures/DefaultMaterial_Base_Color.uasset" 507
"../../../GDP_Project/Content/Train/TrainTextures/TrainAo.uasset" 508
"../../../GDP_Project/Content/Train/TrainTextures/TrainEmmissive.uasset" 509
"../../../GDP_Project/Content/Train/TrainTextures/TrainNormal.uasset" 510
"../../../GDP_Project/Content/Train/TrainTextures/TrainRoughness.uasset" 511
"../../../GDP_Project/Content/Train/Train_m.uasset" 512
"../../../GDP_Project/Content/Train/TrainScaleRef2.uasset" 513
"../../../GDP_Project/Content/VehicleAdv/PhysicsMaterials/NonSlippery.uasset" 514
"../../../GDP_Project/Content/VehicleAdv/PhysicsMaterials/Slippery.uasset" 515
"../../../GDP_Project/Content/VehicleAdv/Vehicle/WheelData/Vehicle_BackTireConfig.uasset" 516
"../../../GDP_Project/Content/VehicleAdv/Vehicle/WheelData/Vehicle_FrontTireConfig.uasset" 517
"../../../Engine/Plugins/2D/Paper2D/Content/PlaceholderTextures/DummySpriteTexture.uasset" 518
"../../../Engine/Plugins/2D/Paper2D/Content/DummySprite.uasset" 519
"../../../Engine/Plugins/2D/Paper2D/Content/DefaultPaperTerrainMaterial.uasset" 520
"../../../Engine/Plugins/2D/Paper2D/Content/DefaultSpriteMaterial.uasset" 521
"../../../Engine/Plugins/2D/Paper2D/Content/MaskedUnlitSpriteMaterial.uasset" 522
"../../../Engine/Plugins/2D/Paper2D/Content/OpaqueUnlitSpriteMaterial.uasset" 523
"../../../Engine/Plugins/Media/MediaCompositing/Content/DefaultMediaPlaneMaterial.uasset" 524
"../../../Engine/Content/Functions/Engine_MaterialFunctions02/Utility/MakeFloat4.uasset" 525
"../../../Engine/Plugins/Runtime/AppleARKit/Content/ARKitCameraMaterial.uasset" 526
"../../../Engine/Plugins/Runtime/Oculus/OculusVR/Content/Textures/GearVRController_AO.uasset" 527
"../../../Engine/Plugins/Runtime/Oculus/OculusVR/Content/Textures/GearVRController_Color.uasset" 528
"../../../Engine/Plugins/Runtime/Oculus/OculusVR/Content/Textures/GearVRController_Normal.uasset" 529
"../../../Engine/Plugins/Runtime/Oculus/OculusVR/Content/Materials/GearVRControllerMaterial.uasset" 530
"../../../Engine/Plugins/Runtime/Oculus/OculusVR/Content/Meshes/GearVrController.uasset" 531
"../../../Engine/Content/Maps/Entry.umap" 532
"../../../GDP_Project/Content/Blueprints/Timer.uasset" 533
"../../../GDP_Project/Content/Menus/ToyscapeTITLE.uasset" 534
"../../../GDP_Project/Content/Menus/Victory/RestartButton/ClickedRestart.uasset" 535
"../../../GDP_Project/Content/Menus/Victory/RestartButton/HoverRestart.uasset" 536
"../../../GDP_Project/Content/Menus/Victory/RestartButton/StaticRestart.uasset" 537
"../../../GDP_Project/Content/Menus/Victory/VictoryText.uasset" 538
"../../../GDP_Project/Content/Menus/WinScreen.uasset" 539
"../../../GDP_Project/Content/Blueprints/EndGameBP.uasset" 540
"../../../GDP_Project/Content/LevelSequence/FrictionPuzzle.uasset" 541
"../../../GDP_Project/Content/LevelSequence/Kitchen.uasset" 542
"../../../GDP_Project/Content/LevelSequence/Playroom_First.uasset" 543
"../../../GDP_Project/Content/LevelSequence/Playroom_Second.uasset" 544
"../../../GDP_Project/Content/LevelSequence/Playroom_Third.uasset" 545
"../../../GDP_Project/Content/LevelSequence/TimerPuzzle.uasset" 546
"../../../GDP_Project/Content/LevelSequence/WarpRoom_Kitchen.uasset" 547
"../../../GDP_Project/Content/LevelSequence/WarpRoom_Lounge.uasset" 548
"../../../GDP_Project/Content/LevelSequence/WarpRoom_PlayRoom.uasset" 549
"../../../GDP_Project/Content/Blueprints/SequenceTrigger_Blueprint.uasset" 550
"../../../GDP_Project/Content/Assets/Chair/Chair_DefaultMaterial_BaseColor.uasset" 551
"../../../GDP_Project/Content/Assets/Chair/Chair_DefaultMaterial_Normal.uasset" 552
"../../../GDP_Project/Content/Assets/Chair/Chair_DefaultMaterial_OcclusionRoughnessMetallic.uasset" 553
"../../../GDP_Project/Content/Assets/Chair/ChairMAt.uasset" 554
"../../../GDP_Project/Content/Assets/Chair/SepChair/ChairSeperate_Chair.uasset" 555
"../../../GDP_Project/Content/Assets/Chair/SepChair/ChairSeperate_ChairKitSep.uasset" 556
"../../../GDP_Project/Content/Assets/Chair/SepChair/ChairSeperate_Object004.uasset" 557
"../../../GDP_Project/Content/Assets/Chair/SepChair/ChairSeperate_Object006.uasset" 558
"../../../GDP_Project/Content/Assets/Chair/SepChair/ChairSeperate_Object007.uasset" 559
"../../../GDP_Project/Content/Assets/Chair/SepChair/ChairSeperate_Object008.uasset" 560
"../../../GDP_Project/Content/Assets/Chair/SepChair/ChairSeperate_Object009.uasset" 561
"../../../GDP_Project/Content/Assets/Chair/SepChair/ChairSeperate_Object010.uasset" 562
"../../../GDP_Project/Content/Assets/Chair/SepChair/ChairSeperate_Object011.uasset" 563
"../../../GDP_Project/Content/Assets/Chair/SepChair/ChairSeperate_Object012.uasset" 564
"../../../GDP_Project/Content/Assets/Chair/SepChair/ChairSeperate_Object013.uasset" 565
"../../../GDP_Project/Content/Assets/Chair/SepChair/ChairSeperate_Object014.uasset" 566
"../../../GDP_Project/Content/Sounds/Chair_Break.uasset" 567
"../../../GDP_Project/Content/Assets/Chair/SepChair/KitchenPHchair.uasset" 568
"../../../GDP_Project/Content/Assets/Window/DestructibleWindow/Glass2.uasset" 569
"../../../GDP_Project/Content/Assets/Window/DestructibleWindow/Glass2_DM.uasset" 570
"../../../Engine/Content/Functions/Engine_MaterialFunctions02/Fresnel_Function.uasset" 571
"../../../GDP_Project/Content/Assets/Window/Glass.uasset" 572
"../../../GDP_Project/Content/Assets/Window/window_low_DefaultMaterial_BaseColor.uasset" 573
"../../../GDP_Project/Content/Assets/Window/window_low_DefaultMaterial_Normal.uasset" 574
"../../../GDP_Project/Content/Assets/Window/window_low_DefaultMaterial_OcclusionRoughnessMetallic.uasset" 575
"../../../GDP_Project/Content/Assets/Window/WindowFrames.uasset" 576
"../../../GDP_Project/Content/Assets/Window/MainWindow_mainframe_high.uasset" 577
"../../../GDP_Project/Content/Assets/Window/WindowSlide_Frame1_high.uasset" 578
"../../../GDP_Project/Content/Sounds/Breaking_Glass.uasset" 579
"../../../GDP_Project/Content/Assets/Window/DestructibleWindow/DM_Window.uasset" 580
"../../../GDP_Project/Content/HUD/YButton.uasset" 581
"../../../GDP_Project/Content/HUD/InteractWidgetController.uasset" 582
"../../../GDP_Project/Content/HUD/TimerWidget.uasset" 583
"../../../GDP_Project/Content/Blueprints/TimePuzzleBP.uasset" 584
"../../../GDP_Project/Content/Blueprints/MyPortalBP.uasset" 585
"../../../GDP_Project/Content/Blueprints/MyPossessionChangerBP.uasset" 586
"../../../GDP_Project/Content/Blueprints/MyToyCarBP.uasset" 587
"../../../GDP_Project/Content/Blueprints/PuzzleName.uasset" 588
"../../../GDP_Project/Content/Blueprints/Hint.uasset" 589
"../../../GDP_Project/Content/Levels/Kitchen_BuiltData.uasset" 590
"../../../Engine/Content/BasicShapes/BasicShapeMaterial.uasset" 591
"../../../GDP_Project/Content/Assets/Coffee/Cof_low_02_-_Default_BaseColor.uasset" 592
"../../../GDP_Project/Content/Assets/Coffee/Cof_low_02_-_Default_Normal.uasset" 593
"../../../GDP_Project/Content/Assets/Coffee/Cof_low_02_-_Default_OcclusionRoughnessMetallic.uasset" 594
"../../../GDP_Project/Content/Assets/Coffee/NewMaterial.uasset" 595
"../../../GDP_Project/Content/Assets/Coffee/Cof_low_02_-_Default_BaseColor2.uasset" 596
"../../../GDP_Project/Content/Assets/Coffee/other/Cof_low_02_-_Default_Normal2.uasset" 597
"../../../GDP_Project/Content/Assets/Coffee/other/Cof_low_02_-_Default_OcclusionRoughnessMetallic2.uasset" 598
"../../../GDP_Project/Content/Assets/Coffee/other/NewMaterial1.uasset" 599
"../../../GDP_Project/Content/Assets/Cupboards/WhiteGloss.uasset" 600
"../../../GDP_Project/Content/Assets/Cupboards/WhiteGloss1.uasset" 601
"../../../GDP_Project/Content/Assets/Cupboards/yowhat_DefaultMaterial_BaseColor.uasset" 602
"../../../GDP_Project/Content/Assets/Cupboards/yowhat_DefaultMaterial_Normal.uasset" 603
"../../../GDP_Project/Content/Assets/Cupboards/yowhat_DefaultMaterial_OcclusionRoughnessMetallic.uasset" 604
"../../../GDP_Project/Content/Assets/Cupboards/yummyyum.uasset" 605
"../../../GDP_Project/Content/Assets/KitchenImports/AppleRed.uasset" 606
"../../../GDP_Project/Content/Assets/KitchenImports/Blue.uasset" 607
"../../../GDP_Project/Content/Assets/KitchenImports/Green.uasset" 608
"../../../GDP_Project/Content/Assets/KitchenImports/Material__71.uasset" 609
"../../../GDP_Project/Content/Assets/KitchenImports/Red.uasset" 610
"../../../GDP_Project/Content/Assets/KitchenImports/yellow.uasset" 611
"../../../GDP_Project/Content/Assets/Paper/Paper_DefaultMaterial_BaseColor.uasset" 612
"../../../GDP_Project/Content/Assets/Paper/Paper_DefaultMaterial_Normal.uasset" 613
"../../../GDP_Project/Content/Assets/Paper/Paper_DefaultMaterial_OcclusionRoughnessMetallic.uasset" 614
"../../../GDP_Project/Content/Assets/Paper/1.uasset" 615
"../../../GDP_Project/Content/Assets/Paper/3/Paper_DefaultMaterial_BaseColor.uasset" 616
"../../../GDP_Project/Content/Assets/Paper/3/Paper_DefaultMaterial_Normal.uasset" 617
"../../../GDP_Project/Content/Assets/Paper/3/Paper_DefaultMaterial_OcclusionRoughnessMetallic.uasset" 618
"../../../GDP_Project/Content/Assets/Paper/3/3.uasset" 619
"../../../GDP_Project/Content/Assets/Paper/8/Paper_DefaultMaterial_BaseColor.uasset" 620
"../../../GDP_Project/Content/Assets/Paper/8/Paper_DefaultMaterial_Normal.uasset" 621
"../../../GDP_Project/Content/Assets/Paper/8/Paper_DefaultMaterial_OcclusionRoughnessMetallic.uasset" 622
"../../../GDP_Project/Content/Assets/Paper/8/NewMaterial.uasset" 623
"../../../GDP_Project/Content/Assets/Photoframes/Photoframe4_DefaultMaterial_Normal.uasset" 624
"../../../GDP_Project/Content/Assets/Photoframes/Photoframe4_DefaultMaterial_OcclusionRoughnessMetallic.uasset" 625
"../../../GDP_Project/Content/Assets/Photoframes/Photoframe4_Dogphoto.uasset" 626
"../../../GDP_Project/Content/Assets/Photoframes/Doggo.uasset" 627
"../../../GDP_Project/Content/Assets/Photoframes/Photoframe4_Dogphoto2.uasset" 628
"../../../GDP_Project/Content/Assets/Photoframes/doggo2.uasset" 629
"../../../GDP_Project/Content/Assets/Photoframes/Photoframe4_famphoto.uasset" 630
"../../../GDP_Project/Content/Assets/Photoframes/fam.uasset" 631
"../../../GDP_Project/Content/Assets/Photoframes/Photoframe3_DefaultMaterial_Normal.uasset" 632
"../../../GDP_Project/Content/Assets/Photoframes/Photoframe3_DefaultMaterial_OcclusionRoughnessMetallic.uasset" 633
"../../../GDP_Project/Content/Assets/Photoframes/Photoframe3_landscape.uasset" 634
"../../../GDP_Project/Content/Assets/Photoframes/landscape.uasset" 635
"../../../GDP_Project/Content/Assets/Rug/Rug_low_DefaultMaterial_BaseColor.uasset" 636
"../../../GDP_Project/Content/Assets/Rug/Rug_low_DefaultMaterial_Normal.uasset" 637
"../../../GDP_Project/Content/Assets/Rug/Rug_low_DefaultMaterial_OcclusionRoughnessMetallic.uasset" 638
"../../../GDP_Project/Content/Assets/Rug/Box001Mat.uasset" 639
"../../../GDP_Project/Content/Assets/SaltAndPepper/Pot_low_DefaultMaterial_BaseColor.uasset" 640
"../../../GDP_Project/Content/Assets/SaltAndPepper/Pot_low_DefaultMaterial_Normal.uasset" 641
"../../../GDP_Project/Content/Assets/SaltAndPepper/Pot_low_DefaultMaterial_OcclusionRoughnessMetallic.uasset" 642
"../../../GDP_Project/Content/Assets/SaltAndPepper/NewMaterial.uasset" 643
"../../../GDP_Project/Content/Assets/SaltAndPepper/Pot_low_DefaultMaterial_BaseColor2.uasset" 644
"../../../GDP_Project/Content/Assets/SaltAndPepper/NewMaterial1.uasset" 645
"../../../GDP_Project/Content/Assets/Table/DefaultMaterial_Normal.uasset" 646
"../../../GDP_Project/Content/Assets/Table/TableLow_DefaultMaterial_BaseColor.uasset" 647
"../../../GDP_Project/Content/Assets/Table/TableLow_DefaultMaterial_OcclusionRoughnessMetallic.uasset" 648
"../../../GDP_Project/Content/Assets/Table/TableM.uasset" 649
"../../../GDP_Project/Content/Assets/Cupboards/New_Graph_basecolor.uasset" 650
"../../../GDP_Project/Content/Assets/Cupboards/newww.uasset" 651
"../../../GDP_Project/Content/Assets/Cupboards/newww_Inst.uasset" 652
"../../../GDP_Project/Content/Assets/Cupboards/newww_Inst1.uasset" 653
"../../../GDP_Project/Content/EnviBlockout/Rooms/HUBRoom/Door_DefaultMaterial_BaseColor.uasset" 654
"../../../GDP_Project/Content/EnviBlockout/Rooms/HUBRoom/Door_DefaultMaterial_Normal.uasset" 655
"../../../GDP_Project/Content/EnviBlockout/Rooms/HUBRoom/Door_DefaultMaterial_OcclusionRoughnessMetallic.uasset" 656
"../../../GDP_Project/Content/Assets/Door/DoorMat.uasset" 657
"../../../GDP_Project/Content/Assets/Door/Door_Inst.uasset" 658
"../../../GDP_Project/Content/EnviBlockout/Rooms/HUBRoom/WallPaint_basecolor.uasset" 659
"../../../GDP_Project/Content/EnviBlockout/Rooms/HUBRoom/WallRollerPaint_normal.uasset" 660
"../../../GDP_Project/Content/EnviBlockout/Rooms/WallPaint.uasset" 661
"../../../GDP_Project/Content/EnviBlockout/Rooms/CeilingInsta.uasset" 662
"../../../GDP_Project/Content/EnviBlockout/Rooms/WallPaint_Inst.uasset" 663
"../../../GDP_Project/Content/EnviBlockout/Rooms/HUBRoom/Wooden_Floor_basecolor.uasset" 664
"../../../GDP_Project/Content/EnviBlockout/Rooms/HUBRoom/Wooden_Floor_normal.uasset" 665
"../../../GDP_Project/Content/EnviBlockout/Rooms/WoodFloor.uasset" 666
"../../../GDP_Project/Content/EnviBlockout/Rooms/WoodFloor_Inst1.uasset" 667
"../../../Engine/Content/BasicShapes/Cube.uasset" 668
"../../../Engine/Content/EditorMeshes/Camera/SM_RailRig_Track.uasset" 669
"../../../GDP_Project/Content/Assets/Battery/BAttery_DefaultMaterial_BaseColor.uasset" 670
"../../../GDP_Project/Content/Assets/Battery/BAttery_DefaultMaterial_Normal.uasset" 671
"../../../GDP_Project/Content/Assets/Battery/BAttery_DefaultMaterial_OcclusionRoughnessMetallic.uasset" 672
"../../../GDP_Project/Content/Assets/Battery/BatteryMat.uasset" 673
"../../../GDP_Project/Content/Assets/Window/Glass2.uasset" 674
"../../../GDP_Project/Content/Assets/Battery/BubbleWBat.uasset" 675
"../../../GDP_Project/Content/Assets/Bin/Bin_low_DefaultMaterial_BaseColor.uasset" 676
"../../../GDP_Project/Content/Assets/Bin/Bin_low_DefaultMaterial_OcclusionRoughnessMetallic.uasset" 677
"../../../GDP_Project/Content/Assets/Bin/DefaultMaterial_Normal.uasset" 678
"../../../GDP_Project/Content/Assets/Bin/Tin1_highMat.uasset" 679
"../../../GDP_Project/Content/Assets/Bin/Bin.uasset" 680
"../../../GDP_Project/Content/Assets/BoxedGame/BoxedGame_low_DefaultMaterial_BaseColor2.uasset" 681
"../../../GDP_Project/Content/Assets/BoxedGame/BoxedGame_low_DefaultMaterial_Normal.uasset" 682
"../../../GDP_Project/Content/Assets/BoxedGame/BoxedGame_low_DefaultMaterial_OcclusionRoughnessMetallic.uasset" 683
"../../../GDP_Project/Content/Assets/BoxedGame/Boardbot_highMat.uasset" 684
"../../../GDP_Project/Content/Assets/BoxedGame/Boxedgame.uasset" 685
"../../../GDP_Project/Content/Assets/Chair/KitchenChair.uasset" 686
"../../../GDP_Project/Content/Assets/Clock/Clock_low_02_-_Default_BaseColor.uasset" 687
"../../../GDP_Project/Content/Assets/Clock/Clock_low_02_-_Default_Normal.uasset" 688
"../../../GDP_Project/Content/Assets/Clock/Clock_low_02_-_Default_OcclusionRoughnessMetallic.uasset" 689
"../../../GDP_Project/Content/Assets/Clock/02_-_Default.uasset" 690
"../../../GDP_Project/Content/Assets/Clock/Clock.uasset" 691
"../../../GDP_Project/Content/Assets/Coffee/Cof_low.uasset" 692
"../../../GDP_Project/Content/Assets/Cupboards/4_highMat.uasset" 693
"../../../GDP_Project/Content/Assets/Cupboards/Cab.uasset" 694
"../../../GDP_Project/Content/Assets/Cupboards/Box001Mat.uasset" 695
"../../../GDP_Project/Content/Assets/Cupboards/Shelf.uasset" 696
"../../../GDP_Project/Content/Assets/Door/Door.uasset" 697
"../../../GDP_Project/Content/Assets/Door/DoorFrame.uasset" 698
"../../../GDP_Project/Content/Assets/DoubleLightSwitch/DoubleLightswitch.uasset" 699
"../../../GDP_Project/Content/Assets/FridgeFreezer/FridgeFreezer_DefaultMaterial_BaseColor.uasset" 700
"../../../GDP_Project/Content/Assets/FridgeFreezer/FridgeFreezer_DefaultMaterial_Normal.uasset" 701
"../../../GDP_Project/Content/Assets/FridgeFreezer/FridgeFreezer_DefaultMaterial_OcclusionRoughnessMetallic.uasset" 702
"../../../GDP_Project/Content/Assets/FridgeFreezer/FFMat.uasset" 703
"../../../GDP_Project/Content/Assets/FridgeFreezer/FridgeFreezer.uasset" 704
"../../../GDP_Project/Content/Assets/IroningBoard/IroningB_low_09_-_Default_BaseColor.uasset" 705
"../../../GDP_Project/Content/Assets/IroningBoard/IroningB_low_09_-_Default_Normal.uasset" 706
"../../../GDP_Project/Content/Assets/IroningBoard/IroningB_low_09_-_Default_OcclusionRoughnessMetallic.uasset" 707
"../../../GDP_Project/Content/Assets/IroningBoard/09_-_Default.uasset" 708
"../../../GDP_Project/Content/Assets/IroningBoard/IroningBoard.uasset" 709
"../../../GDP_Project/Content/Assets/Kettle/Ket_low_02_-_Default_BaseColor.uasset" 710
"../../../GDP_Project/Content/Assets/Kettle/Ket_low_02_-_Default_Normal.uasset" 711
"../../../GDP_Project/Content/Assets/Kettle/Ket_low_02_-_Default_OcclusionRoughnessMetallic.uasset" 712
"../../../GDP_Project/Content/Assets/Kettle/08_-_Default.uasset" 713
"../../../GDP_Project/Content/Assets/Kettle/Ket.uasset" 714
"../../../GDP_Project/Content/Assets/Oven/Metal/metal_basecolor.uasset" 715
"../../../GDP_Project/Content/Assets/Oven/Metal/metal_normal.uasset" 716
"../../../GDP_Project/Content/Assets/Oven/Metal/metal_roughness.uasset" 717
"../../../GDP_Project/Content/Assets/Oven/Metal/Metal.uasset" 718
"../../../GDP_Project/Content/Assets/Oven/Metal/Metal_Inst.uasset" 719
"../../../GDP_Project/Content/Assets/KitchenCabinets/CupboardLeftCorner.uasset" 720
"../../../GDP_Project/Content/Assets/KitchenCabinets/CupboardRightCorner.uasset" 721
"../../../GDP_Project/Content/Assets/KitchenCabinets/CupboardSingle.uasset" 722
"../../../GDP_Project/Content/Assets/KitchenCabinets/Draws.uasset" 723
"../../../GDP_Project/Content/Assets/Oven/LEDScreen.uasset" 724
"../../../GDP_Project/Content/Assets/Oven/OvenGlass/OvenGlass_basecolor.uasset" 725
"../../../GDP_Project/Content/Assets/Oven/OvenGlass/OvenGlass_metallic.uasset" 726
"../../../GDP_Project/Content/Assets/Oven/OvenGlass/OvenGlass_normal.uasset" 727
"../../../GDP_Project/Content/Assets/Oven/OvenGlass/OvenGlass_Opacity.uasset" 728
"../../../GDP_Project/Content/Assets/Oven/OvenGlass/OvenGlass_roughness.uasset" 729
"../../../GDP_Project/Content/Assets/Oven/OvenGlass.uasset" 730
"../../../GDP_Project/Content/Assets/Oven/OvenGlass_Inst.uasset" 731
"../../../GDP_Project/Content/Assets/KitchenCabinets/OvenFace.uasset" 732
"../../../GDP_Project/Content/Assets/KitchenCabinets/Sink.uasset" 733
"../../../GDP_Project/Content/Assets/Cupboards/New_Graph_normal.uasset" 734
"../../../GDP_Project/Content/Assets/Cupboards/WorktopTop_m.uasset" 735
"../../../GDP_Project/Content/Assets/Cupboards/WorktopTop_m_Inst.uasset" 736
"../../../GDP_Project/Content/Assets/KitchenCabinets/Worktops.uasset" 737
"../../../GDP_Project/Content/Assets/KitchenImports/Material__83.uasset" 738
"../../../GDP_Project/Content/Assets/KitchenImports/apple.uasset" 739
"../../../GDP_Project/Content/Assets/KitchenImports/banana.uasset" 740
"../../../GDP_Project/Content/Assets/KitchenImports/Plate_m.uasset" 741
"../../../GDP_Project/Content/Assets/KitchenImports/bowl.uasset" 742
"../../../GDP_Project/Content/Assets/KitchenImports/Choppingboard.uasset" 743
"../../../GDP_Project/Content/Assets/KitchenImports/HobAlbedo.uasset" 744
"../../../GDP_Project/Content/Assets/KitchenImports/HobMetalic.uasset" 745
"../../../GDP_Project/Content/Assets/KitchenImports/HobRoughness.uasset" 746
"../../../GDP_Project/Content/Assets/KitchenImports/Hob_m.uasset" 747
"../../../GDP_Project/Content/Assets/KitchenImports/Hob.uasset" 748
"../../../GDP_Project/Content/Assets/TrainTracks/Textures/Wood_basecolor.uasset" 749
"../../../GDP_Project/Content/Assets/TrainTracks/Textures/Wood_normal.uasset" 750
"../../../GDP_Project/Content/Assets/TrainTracks/Textures/Wood_roughness.uasset" 751
"../../../GDP_Project/Content/Assets/TrainTracks/Textures/Wood1.uasset" 752
"../../../GDP_Project/Content/Assets/KitchenImports/knife.uasset" 753
"../../../GDP_Project/Content/Assets/TrainTracks/Textures/Wood90/Wood_basecolor2__2_.uasset" 754
"../../../GDP_Project/Content/Assets/TrainTracks/Textures/Wood90/Wood_normal.uasset" 755
"../../../GDP_Project/Content/Assets/TrainTracks/Textures/Wood90/Wood_roughness.uasset" 756
"../../../GDP_Project/Content/Assets/TrainTracks/Textures/Wood2.uasset" 757
"../../../GDP_Project/Content/Assets/KitchenImports/knifeblock.uasset" 758
"../../../GDP_Project/Content/Assets/KitchenImports/orange.uasset" 759
"../../../GDP_Project/Content/Assets/KitchenImports/Plate.uasset" 760
"../../../GDP_Project/Content/Assets/Microwave/Microlow_02_-_Default_BaseColor.uasset" 761
"../../../GDP_Project/Content/Assets/Microwave/Microlow_02_-_Default_Normal.uasset" 762
"../../../GDP_Project/Content/Assets/Microwave/Microlow_02_-_Default_OcclusionRoughnessMetallic.uasset" 763
"../../../GDP_Project/Content/Assets/Microwave/02_-_Default.uasset" 764
"../../../GDP_Project/Content/Assets/Microwave/Microwwave.uasset" 765
"../../../GDP_Project/Content/Assets/Mugs/Mug1.uasset" 766
"../../../GDP_Project/Content/Assets/Mugs/Mug2.uasset" 767
"../../../GDP_Project/Content/Assets/Paper/Paper.uasset" 768
"../../../GDP_Project/Content/Assets/Photoframes/Photoframes_Plane003.uasset" 769
"../../../GDP_Project/Content/Assets/Photoframes/Photoframes_Plane004.uasset" 770
"../../../GDP_Project/Content/Assets/PlugSocket/Plug_low_DefaultMaterial_BaseColor.uasset" 771
"../../../GDP_Project/Content/Assets/PlugSocket/Plug_low_DefaultMaterial_Normal.uasset" 772
"../../../GDP_Project/Content/Assets/PlugSocket/Plug_low_DefaultMaterial_OcclusionRoughnessMetallic.uasset" 773
"../../../GDP_Project/Content/Assets/PlugSocket/Switch1_highMat.uasset" 774
"../../../GDP_Project/Content/Assets/PlugSocket/plug.uasset" 775
"../../../GDP_Project/Content/Assets/Pots_And_Pans/CookingPot/Pot_low_DefaultMaterial_BaseColor.uasset" 776
"../../../GDP_Project/Content/Assets/Pots_And_Pans/CookingPot/Pot_low_DefaultMaterial_Normal.uasset" 777
"../../../GDP_Project/Content/Assets/Pots_And_Pans/CookingPot/Pot_low_DefaultMaterial_OcclusionRoughnessMetallic.uasset" 778
"../../../GDP_Project/Content/Assets/Pots_And_Pans/CookingPot/pot_highMat.uasset" 779
"../../../GDP_Project/Content/Assets/Pots_And_Pans/CookingPot/Pot.uasset" 780
"../../../GDP_Project/Content/Assets/Pots_And_Pans/Fryingpan/Frying_low_DefaultMaterial_BaseColor.uasset" 781
"../../../GDP_Project/Content/Assets/Pots_And_Pans/Fryingpan/Frying_low_DefaultMaterial_Normal.uasset" 782
"../../../GDP_Project/Content/Assets/Pots_And_Pans/Fryingpan/Frying_low_DefaultMaterial_OcclusionRoughnessMetallic.uasset" 783
"../../../GDP_Project/Content/Assets/Pots_And_Pans/Fryingpan/hung_highMat.uasset" 784
"../../../GDP_Project/Content/Assets/Pots_And_Pans/Fryingpan/Fryingpan.uasset" 785
"../../../GDP_Project/Content/Assets/Pots_And_Pans/Sauce/Sauce_low_DefaultMaterial_BaseColor.uasset" 786
"../../../GDP_Project/Content/Assets/Pots_And_Pans/Sauce/Sauce_low_DefaultMaterial_Normal.uasset" 787
"../../../GDP_Project/Content/Assets/Pots_And_Pans/Sauce/Sauce_low_DefaultMaterial_OcclusionRoughnessMetallic.uasset" 788
"../../../GDP_Project/Content/Assets/Pots_And_Pans/Sauce/Pot_handleRtMat.uasset" 789
"../../../GDP_Project/Content/Assets/Pots_And_Pans/Sauce/Sauce.uasset" 790
"../../../GDP_Project/Content/Assets/Ramp/Ramp.uasset" 791
"../../../GDP_Project/Content/Assets/Rug/Rug_low.uasset" 792
"../../../GDP_Project/Content/Assets/SaltAndPepper/PandSpot.uasset" 793
"../../../GDP_Project/Content/Assets/Table/Table.uasset" 794
"../../../GDP_Project/Content/Assets/Toast/Toast_low_02_-_Default_BaseColor.uasset" 795
"../../../GDP_Project/Content/Assets/Toast/Toast_low_02_-_Default_Normal.uasset" 796
"../../../GDP_Project/Content/Assets/Toast/Toast_low_02_-_Default_OcclusionRoughnessMetallic.uasset" 797
"../../../GDP_Project/Content/Assets/Toast/Toast_00_highMat.uasset" 798
"../../../GDP_Project/Content/Assets/Toast/Toast.uasset" 799
"../../../GDP_Project/Content/Assets/Tray/Dinnertray.uasset" 800
"../../../GDP_Project/Content/Assets/Vase/Vase_low_DefaultMaterial_BaseColor.uasset" 801
"../../../GDP_Project/Content/Assets/Vase/Vase_low_DefaultMaterial_Normal.uasset" 802
"../../../GDP_Project/Content/Assets/Vase/Vase_low_DefaultMaterial_OcclusionRoughnessMetallic.uasset" 803
"../../../GDP_Project/Content/Assets/Vase/Vase_highMat.uasset" 804
"../../../GDP_Project/Content/Assets/Vase/Vase.uasset" 805
"../../../GDP_Project/Content/Assets/WallLights/WallLight_DefaultMaterial_BaseColor.uasset" 806
"../../../GDP_Project/Content/Assets/WallLights/WallLight_DefaultMaterial_Metallic.uasset" 807
"../../../GDP_Project/Content/Assets/WallLights/WallLight_DefaultMaterial_Normal.uasset" 808
"../../../GDP_Project/Content/Assets/WallLights/WallLight_DefaultMaterial_Roughness.uasset" 809
"../../../GDP_Project/Content/Assets/WallLights/WallLightmt.uasset" 810
"../../../GDP_Project/Content/Assets/WallLights/Emissivewalllight.uasset" 811
"../../../GDP_Project/Content/Assets/WallLights/Emissivewalllight_Inst.uasset" 812
"../../../GDP_Project/Content/Assets/WallLights/WallLights.uasset" 813
"../../../GDP_Project/Content/EnviBlockout/Rooms/HUBRoom/Vents_Box017.uasset" 814
"../../../GDP_Project/Content/EnviBlockout/Rooms/Kitchen/Material__27.uasset" 815
"../../../GDP_Project/Content/EnviBlockout/Rooms/Kitchen/Material__28.uasset" 816
"../../../GDP_Project/Content/EnviBlockout/Rooms/Kitchen/Material__29.uasset" 817
"../../../GDP_Project/Content/EnviBlockout/Rooms/Kitchen/kitchencage.uasset" 818
"../../../GDP_Project/Content/EnviBlockout/Rooms/Kitchen/Kitchenwalls.uasset" 819
"../../../GDP_Project/Content/EnviBlockout/Rooms/Kitchen/newskirt.uasset" 820
"../../../GDP_Project/Content/EnviBlockout/Rooms/Kitchen/Worktop.uasset" 821
"../../../GDP_Project/Content/Hints/Bubble.uasset" 822
"../../../GDP_Project/Content/Hints/Car.uasset" 823
"../../../GDP_Project/Content/Hints/KitchenFinalCarHint.uasset" 824
"../../../GDP_Project/Content/Hints/KitchenTableHint.uasset" 825
"../../../GDP_Project/Content/Levels/Kitchen.umap" 826
"../../../Engine/Content/EngineSky/C_Sky_Cloud_Color.uasset" 827
"../../../Engine/Content/EngineSky/C_Sky_Horizon_Color.uasset" 828
"../../../Engine/Content/EngineSky/C_Sky_Zenith_Color.uasset" 829
"../../../Engine/Content/EngineSky/T_Sky_Blue.uasset" 830
"../../../Engine/Content/EngineSky/T_Sky_Clouds_M.uasset" 831
"../../../Engine/Content/EngineSky/T_Sky_Stars.uasset" 832
"../../../Engine/Content/EngineSky/M_Sky_Panning_Clouds2.uasset" 833
"../../../Engine/Content/EngineSky/SM_SkySphere.uasset" 834
"../../../Engine/Content/EngineSky/BP_Sky_Sphere.uasset" 835
"../../../GDP_Project/Content/Assets/Chair/SepChair/PhysicsChair.uasset" 836
"../../../GDP_Project/Content/Levels/Lounge_BuiltData.uasset" 837
"../../../GDP_Project/Content/Assets/Battery/Glass2.uasset" 838
"../../../GDP_Project/Content/Assets/Cushions/BlueCush/DefaultMaterial_Base_Color.uasset" 839
"../../../GDP_Project/Content/Assets/Cushions/BlueCush/DefaultMaterial_Normal_DirectX.uasset" 840
"../../../GDP_Project/Content/Assets/Cushions/Cushlow_DefaultMaterial_OcclusionRoughnessMetallic.uasset" 841
"../../../GDP_Project/Content/Assets/Cushions/CushBlue.uasset" 842
"../../../GDP_Project/Content/Assets/Cushions/GreenCush/DefaultMaterial_Base_Color.uasset" 843
"../../../GDP_Project/Content/Assets/Cushions/GreenCush/DefaultMaterial_Normal_DirectX.uasset" 844
"../../../GDP_Project/Content/Assets/Cushions/CushGreen.uasset" 845
"../../../GDP_Project/Content/Assets/Cushions/OrangeCush/DefaultMaterial_Base_Color.uasset" 846
"../../../GDP_Project/Content/Assets/Cushions/OrangeCush/DefaultMaterial_Normal_DirectX.uasset" 847
"../../../GDP_Project/Content/Assets/Cushions/CushOrange.uasset" 848
"../../../GDP_Project/Content/Assets/Cushions/Redcush/DefaultMaterial_Base_Color.uasset" 849
"../../../GDP_Project/Content/Assets/Cushions/Redcush/DefaultMaterial_Normal_DirectX.uasset" 850
"../../../GDP_Project/Content/Assets/Cushions/CushRed.uasset" 851
"../../../GDP_Project/Content/Assets/DoubleLightSwitch/LSMat.uasset" 852
"../../../GDP_Project/Content/Assets/Lamp/Lamp_DefaultMaterial_BaseColor.uasset" 853
"../../../GDP_Project/Content/Assets/Lamp/Lamp_DefaultMaterial_Metallic.uasset" 854
"../../../GDP_Project/Content/Assets/Lamp/Lamp_DefaultMaterial_Normal.uasset" 855
"../../../GDP_Project/Content/Assets/Lamp/Lamp_DefaultMaterial_Roughness.uasset" 856
"../../../GDP_Project/Content/Assets/Lamp/LampMat.uasset" 857
"../../../GDP_Project/Content/Assets/Mugs/Mug1/Mug1_DefaultMaterial_BaseColor.uasset" 858
"../../../GDP_Project/Content/Assets/Mugs/Mug1/Mug1_DefaultMaterial_Normal.uasset" 859
"../../../GDP_Project/Content/Assets/Mugs/Mug1/Mug1_DefaultMaterial_OcclusionRoughnessMetallic.uasset" 860
"../../../GDP_Project/Content/Assets/Mugs/Mug1/Mug1.uasset" 861
"../../../GDP_Project/Content/Assets/Mugs/Mug2/Mug2_DefaultMaterial_BaseColor.uasset" 862
"../../../GDP_Project/Content/Assets/Mugs/Mug2/Mug2_DefaultMaterial_Normal.uasset" 863
"../../../GDP_Project/Content/Assets/Mugs/Mug2/Mug2_DefaultMaterial_OcclusionRoughnessMetallic.uasset" 864
"../../../GDP_Project/Content/Assets/Mugs/Mug2/Mug2.uasset" 865
"../../../GDP_Project/Content/Assets/PaintPots/Materials/Material__53.uasset" 866
"../../../GDP_Project/Content/Assets/Paper/2/Paper_DefaultMaterial_BaseColor.uasset" 867
"../../../GDP_Project/Content/Assets/Paper/2/Paper_DefaultMaterial_Normal.uasset" 868
"../../../GDP_Project/Content/Assets/Paper/2/Paper_DefaultMaterial_OcclusionRoughnessMetallic.uasset" 869
"../../../GDP_Project/Content/Assets/Paper/2/2.uasset" 870
"../../../GDP_Project/Content/Assets/Paper/4/Paper_DefaultMaterial_BaseColor.uasset" 871
"../../../GDP_Project/Content/Assets/Paper/4/Paper_DefaultMaterial_Normal.uasset" 872
"../../../GDP_Project/Content/Assets/Paper/4/Paper_DefaultMaterial_OcclusionRoughnessMetallic.uasset" 873
"../../../GDP_Project/Content/Assets/Paper/4/4.uasset" 874
"../../../GDP_Project/Content/Assets/Paper/Plain.uasset" 875
"../../../GDP_Project/Content/Assets/Slime/Slimmart.uasset" 876
"../../../GDP_Project/Content/Assets/Sofa/DefaultMaterial_Base_Color.uasset" 877
"../../../GDP_Project/Content/Assets/Sofa/DefaultMaterial_Metallic.uasset" 878
"../../../GDP_Project/Content/Assets/Sofa/DefaultMaterial_Mixed_AO.uasset" 879
"../../../GDP_Project/Content/Assets/Sofa/DefaultMaterial_Normal_DirectX.uasset" 880
"../../../GDP_Project/Content/Assets/Sofa/DefaultMaterial_Roughness.uasset" 881
"../../../GDP_Project/Content/Assets/Sofa/SofaM.uasset" 882
"../../../GDP_Project/Content/Assets/TrainTracks/Textures/Light.uasset" 883
"../../../GDP_Project/Content/EnviBlockout/Rooms/MEtal.uasset" 884
"../../../GDP_Project/Content/PlaceholderArt/White.uasset" 885
"../../../GDP_Project/Content/Assets/Rings/RingMat.uasset" 886
"../../../GDP_Project/Content/Assets/Rings/RingMat_Inst.uasset" 887
"../../../Engine/Content/Functions/Engine_MaterialFunctions02/Math/CreateThirdOrthogonalVector.uasset" 888
"../../../Engine/Content/Functions/Engine_MaterialFunctions02/Math/InverseTransformMatrix.uasset" 889
"../../../Engine/Content/Functions/Engine_MaterialFunctions02/Math/TransformToZVector.uasset" 890
"../../../Engine/Content/Functions/Engine_MaterialFunctions02/Utility/CameraDirectionVector.uasset" 891
"../../../Engine/Content/EngineVolumetrics/Fogsheet/Materials/T_EV_BlankWhite_01.uasset" 892
"../../../Engine/Content/Functions/Engine_MaterialFunctions01/Texturing/ParallaxOcclusionMapping.uasset" 893
"../../../GDP_Project/Content/EnviBlockout/Rooms/Bricks/Bricks_basecolor.uasset" 894
"../../../GDP_Project/Content/EnviBlockout/Rooms/Bricks/Bricks_height.uasset" 895
"../../../GDP_Project/Content/EnviBlockout/Rooms/Bricks/Bricks_normal.uasset" 896
"../../../GDP_Project/Content/EnviBlockout/Rooms/Bricks/Bricks_roughness.uasset" 897
"../../../GDP_Project/Content/EnviBlockout/Rooms/Bricks.uasset" 898
"../../../GDP_Project/Content/EnviBlockout/Rooms/Bricks_Inst.uasset" 899
"../../../GDP_Project/Content/EnviBlockout/Rooms/Loungewoodinst.uasset" 900
"../../../Engine/Content/BasicShapes/Plane.uasset" 901
"../../../GDP_Project/Content/Assets/BeanBag/beanlow_DefaultMaterial_Normal.uasset" 902
"../../../GDP_Project/Content/Assets/BeanBag/beanlow_DefaultMaterial_OcclusionRoughnessMetallic.uasset" 903
"../../../GDP_Project/Content/Assets/BeanBag/bean_lowMat.uasset" 904
"../../../GDP_Project/Content/Assets/BeanBag/beanlow.uasset" 905
"../../../GDP_Project/Content/Assets/carmat/carmatUv.uasset" 906
"../../../GDP_Project/Content/Assets/carmat/Carmat_m.uasset" 907
"../../../GDP_Project/Content/Assets/carmat/CarMat.uasset" 908
"../../../GDP_Project/Content/Assets/Cushions/Cush.uasset" 909
"../../../GDP_Project/Content/Assets/Dresser/Dresser_low_DefaultMaterial_BaseColor.uasset" 910
"../../../GDP_Project/Content/Assets/Dresser/Dresser_low_DefaultMaterial_Normal.uasset" 911
"../../../GDP_Project/Content/Assets/Dresser/Dresser_low_DefaultMaterial_OcclusionRoughnessMetallic.uasset" 912
"../../../GDP_Project/Content/Assets/Dresser/gel1_highMat.uasset" 913
"../../../GDP_Project/Content/Assets/Dresser/Dresser.uasset" 914
"../../../GDP_Project/Content/Assets/Lamp/Lamp.uasset" 915
"../../../GDP_Project/Content/Assets/LongLight/Longlight_DefaultMaterial_BaseColor.uasset" 916
"../../../GDP_Project/Content/Assets/LongLight/Longlight_DefaultMaterial_Metallic.uasset" 917
"../../../GDP_Project/Content/Assets/LongLight/Longlight_DefaultMaterial_Normal.uasset" 918
"../../../GDP_Project/Content/Assets/LongLight/Longlight_DefaultMaterial_Roughness.uasset" 919
"../../../GDP_Project/Content/Assets/LongLight/LongLamp.uasset" 920
"../../../GDP_Project/Content/Assets/LongLight/EmmisiveLamp.uasset" 921
"../../../GDP_Project/Content/Assets/LongLight/EmmisiveLamp_Inst.uasset" 922
"../../../GDP_Project/Content/Assets/LongLight/Longlight.uasset" 923
"../../../GDP_Project/Content/Assets/Rings/RingWBat.uasset" 924
"../../../GDP_Project/Content/Assets/Slime/Slime.uasset" 925
"../../../GDP_Project/Content/Assets/Sofa/Sofa.uasset" 926
"../../../GDP_Project/Content/Assets/TrainTracks/WeightPanel.uasset" 927
"../../../GDP_Project/Content/Assets/TV/TV_low_DefaultMaterial_AO.uasset" 928
"../../../GDP_Project/Content/Assets/TV/TV_low_DefaultMaterial_BaseColor.uasset" 929
"../../../GDP_Project/Content/Assets/TV/TV_low_DefaultMaterial_Metalness.uasset" 930
"../../../GDP_Project/Content/Assets/TV/TV_low_DefaultMaterial_Normal.uasset" 931
"../../../GDP_Project/Content/Assets/TV/Tv1.uasset" 932
"../../../GDP_Project/Content/Assets/TV/TV.uasset" 933
"../../../GDP_Project/Content/Assets/TV_Stand/2.uasset" 934
"../../../GDP_Project/Content/Assets/TV_Stand/TVstand_DefaultMaterial_BaseColor.uasset" 935
"../../../GDP_Project/Content/Assets/TV_Stand/TVstand_DefaultMaterial_OcclusionRoughnessMetallic.uasset" 936
"../../../GDP_Project/Content/Assets/TV_Stand/bigboy_highMat.uasset" 937
"../../../GDP_Project/Content/Assets/TV_Stand/TVstand.uasset" 938
"../../../GDP_Project/Content/EnviBlockout/Rooms/Lounge/Lounge.uasset" 939
"../../../GDP_Project/Content/EnviBlockout/Rooms/Lounge/LoungeShell.uasset" 940
"../../../GDP_Project/Content/EnviBlockout/Rooms/Lounge/Skirt_Object044.uasset" 941
"../../../GDP_Project/Content/EnviBlockout/Rooms/Lounge/Skirt_Object052.uasset" 942
"../../../GDP_Project/Content/EnviBlockout/Rooms/Lounge/Skirt_Object053.uasset" 943
"../../../GDP_Project/Content/EnviBlockout/Rooms/Lounge/Skirt_Object054.uasset" 944
"../../../GDP_Project/Content/EnviBlockout/Rooms/Lounge/Skirt_Object055.uasset" 945
"../../../GDP_Project/Content/EnviBlockout/Rooms/Lounge/Skirt_Object056.uasset" 946
"../../../GDP_Project/Content/EnviBlockout/Rooms/Vent_Object005.uasset" 947
"../../../GDP_Project/Content/Hints/FrictionPuzzleHint.uasset" 948
"../../../GDP_Project/Content/Hints/FrictionPuzzleHint2.uasset" 949
"../../../GDP_Project/Content/Hints/TimerPuzzleCompleteHint.uasset" 950
"../../../GDP_Project/Content/Hints/TimerPuzzleHint.uasset" 951
"../../../GDP_Project/Content/PlaceholderArt/glass.uasset" 952
"../../../GDP_Project/Content/PlaceholderArt/facetedglass.uasset" 953
"../../../GDP_Project/Content/Plane/PlaneHull.uasset" 954
"../../../GDP_Project/Content/Plane/PlaneWings.uasset" 955
"../../../GDP_Project/Content/Levels/Lounge.umap" 956
"../../../GDP_Project/Content/Levels/MainLevel_BuiltData.uasset" 957
"../../../GDP_Project/Content/Menus/3703889-loading-wallpapers.uasset" 958
"../../../GDP_Project/Content/Menus/LoadingScreen.uasset" 959
"../../../GDP_Project/Content/Levels/MainLevel.umap" 960
"../../../GDP_Project/Content/Menus/Buttonsv3/MainMenu/Controls/ClickedControls.uasset" 961
"../../../GDP_Project/Content/Menus/Buttonsv3/MainMenu/Controls/HoverControl.uasset" 962
"../../../GDP_Project/Content/Menus/Buttonsv3/MainMenu/Controls/StaticControls.uasset" 963
"../../../GDP_Project/Content/Menus/Buttonsv3/MainMenu/Credits/ClickedCredits.uasset" 964
"../../../GDP_Project/Content/Menus/Buttonsv3/MainMenu/Credits/HoverCredits.uasset" 965
"../../../GDP_Project/Content/Menus/Buttonsv3/MainMenu/Credits/StaticCredits.uasset" 966
"../../../GDP_Project/Content/Menus/Buttonsv3/MainMenu/StartGame/ClickedStart.uasset" 967
"../../../GDP_Project/Content/Menus/Buttonsv3/MainMenu/StartGame/HoverStart.uasset" 968
"../../../GDP_Project/Content/Menus/Buttonsv3/MainMenu/StartGame/StaticStart.uasset" 969
"../../../GDP_Project/Content/Menus/KeyboardControls.uasset" 970
"../../../GDP_Project/Content/Menus/XboxControlsv2.uasset" 971
"../../../GDP_Project/Content/Menus/Controls.uasset" 972
"../../../GDP_Project/Content/Menus/Credits.uasset" 973
"../../../GDP_Project/Content/Menus/CreditsMenu.uasset" 974
"../../../GDP_Project/Content/Menus/Hovered.uasset" 975
"../../../GDP_Project/Content/Menus/MenuScreen.uasset" 976
"../../../GDP_Project/Content/Menus/Normal.uasset" 977
"../../../GDP_Project/Content/Menus/Pressed.uasset" 978
"../../../GDP_Project/Content/Menus/StaticAchievement.uasset" 979
"../../../GDP_Project/Content/Menus/MainMenu.uasset" 980
"../../../GDP_Project/Content/Levels/MainMenu.umap" 981
"../../../GDP_Project/Content/Blueprints/TrainPuzzleBP.uasset" 982
"../../../GDP_Project/Content/Train/SplineBP.uasset" 983
"../../../GDP_Project/Content/Levels/Playroom_BuiltData.uasset" 984
"../../../GDP_Project/Content/Assets/Balls/Basketball/Basketball_basecolor.uasset" 985
"../../../GDP_Project/Content/Assets/Balls/Basketball/Basketball_normal.uasset" 986
"../../../GDP_Project/Content/Assets/Balls/Basketball/Basketball_roughness.uasset" 987
"../../../GDP_Project/Content/Assets/Balls/Basketball/BasketBall.uasset" 988
"../../../GDP_Project/Content/Assets/Balls/PlayBall/Playball_basecolor.uasset" 989
"../../../GDP_Project/Content/Assets/Balls/PlayBall/Playball_roughness.uasset" 990
"../../../GDP_Project/Content/Assets/Balls/PlayBall/Playball_m.uasset" 991
"../../../GDP_Project/Content/Assets/ColourBlocks/Textures/Wood_normal.uasset" 992
"../../../GDP_Project/Content/Assets/ColourBlocks/Textures/Wood_roughness.uasset" 993
"../../../GDP_Project/Content/Assets/ColourBlocks/Textures/Blue.uasset" 994
"../../../GDP_Project/Content/Assets/ColourBlocks/Textures/Blue2.uasset" 995
"../../../GDP_Project/Content/Assets/ColourBlocks/Textures/Green.uasset" 996
"../../../GDP_Project/Content/Assets/ColourBlocks/Textures/Green2.uasset" 997
"../../../GDP_Project/Content/Assets/ColourBlocks/Textures/Orange.uasset" 998
"../../../GDP_Project/Content/Assets/ColourBlocks/Textures/Red.uasset" 999
"../../../GDP_Project/Content/Assets/ColourBlocks/Textures/Yellow.uasset" 1000
"../../../GDP_Project/Content/Assets/Cushions/CushBlue_2.uasset" 1001
"../../../GDP_Project/Content/Assets/EtchaSketch/EtchaTest/ArrowAlpha.uasset" 1002
"../../../GDP_Project/Content/Assets/EtchaSketch/EtchaTest/ArrowTest.uasset" 1003
"../../../GDP_Project/Content/Assets/PaintPots/Materials/Material__51.uasset" 1004
"../../../GDP_Project/Content/Assets/Paper/5/Paper_DefaultMaterial_BaseColor.uasset" 1005
"../../../GDP_Project/Content/Assets/Paper/5/Paper_DefaultMaterial_Normal.uasset" 1006
"../../../GDP_Project/Content/Assets/Paper/5/Paper_DefaultMaterial_OcclusionRoughnessMetallic.uasset" 1007
"../../../GDP_Project/Content/Assets/Paper/5/NewMaterial.uasset" 1008
"../../../GDP_Project/Content/Assets/Paper/6/Paper_DefaultMaterial_BaseColor.uasset" 1009
"../../../GDP_Project/Content/Assets/Paper/6/Paper_DefaultMaterial_Normal.uasset" 1010
"../../../GDP_Project/Content/Assets/Paper/6/Paper_DefaultMaterial_OcclusionRoughnessMetallic.uasset" 1011
"../../../GDP_Project/Content/Assets/Paper/6/NewMaterial.uasset" 1012
"../../../GDP_Project/Content/Assets/Paper/7/Paper_DefaultMaterial_BaseColor.uasset" 1013
"../../../GDP_Project/Content/Assets/Paper/7/Paper_DefaultMaterial_Normal.uasset" 1014
"../../../GDP_Project/Content/Assets/Paper/7/Paper_DefaultMaterial_OcclusionRoughnessMetallic.uasset" 1015
"../../../GDP_Project/Content/Assets/Paper/7/NewMaterial.uasset" 1016
"../../../GDP_Project/Content/Assets/Window/Glass1.uasset" 1017
"../../../GDP_Project/Content/EnviBlockout/Rooms/HUBRoom/baluster_POVERH__BELAA.uasset" 1018
"../../../GDP_Project/Content/Assets/Balls/AmericanFootball/Basketball_normal.uasset" 1019
"../../../GDP_Project/Content/Assets/Balls/AmericanFootball/DefaultMaterial_Base_Color.uasset" 1020
"../../../GDP_Project/Content/Assets/Balls/AmericanFootball/DefaultMaterial_Roughness.uasset" 1021
"../../../GDP_Project/Content/Assets/Balls/AmericanFootball/AmericanFootball_m.uasset" 1022
"../../../GDP_Project/Content/Assets/Balls/AmericanFootball/AmericanFootball_m_Inst.uasset" 1023
"../../../GDP_Project/Content/Assets/BeanBag/bean_lowMat_Inst.uasset" 1024
"../../../GDP_Project/Content/Assets/Rings/RingMat_InstPlayroomversion.uasset" 1025
"../../../GDP_Project/Content/EnviBlockout/Rooms/playroom.uasset" 1026
"../../../Engine/Content/BasicShapes/Sphere.uasset" 1027
"../../../GDP_Project/Content/Assets/Balls/AmericanFootball/American.uasset" 1028
"../../../GDP_Project/Content/Assets/ColourBlocks/colourblocks_Box014.uasset" 1029
"../../../GDP_Project/Content/Assets/ColourBlocks/colourblocks_Box032.uasset" 1030
"../../../GDP_Project/Content/Assets/ColourBlocks/colourblocks_Box033.uasset" 1031
"../../../GDP_Project/Content/Assets/ColourBlocks/colourblocks_Cylinder012.uasset" 1032
"../../../GDP_Project/Content/Assets/ColourBlocks/colourblocks_Cylinder017.uasset" 1033
"../../../GDP_Project/Content/Assets/ColourBlocks/colourblocks_Pyramid001.uasset" 1034
"../../../GDP_Project/Content/Assets/EtchaSketch/Etchasketch_DefaultMaterial_BaseColor.uasset" 1035
"../../../GDP_Project/Content/Assets/EtchaSketch/Etchasketch_DefaultMaterial_Metallic.uasset" 1036
"../../../GDP_Project/Content/Assets/EtchaSketch/Etchasketch_DefaultMaterial_Normal.uasset" 1037
"../../../GDP_Project/Content/Assets/EtchaSketch/Etchasketch_DefaultMaterial_Roughness.uasset" 1038
"../../../GDP_Project/Content/Assets/EtchaSketch/ESMat.uasset" 1039
"../../../GDP_Project/Content/Assets/EtchaSketch/Etchasketch.uasset" 1040
"../../../GDP_Project/Content/Assets/Fan/Fan_Cylinder.uasset" 1041
"../../../GDP_Project/Content/Assets/KidsDraws/Drawskid_DefaultMaterial_BaseColor.uasset" 1042
"../../../GDP_Project/Content/Assets/KidsDraws/Drawskid_DefaultMaterial_Height.uasset" 1043
"../../../GDP_Project/Content/Assets/KidsDraws/Drawskid_DefaultMaterial_Metallic.uasset" 1044
"../../../GDP_Project/Content/Assets/KidsDraws/Drawskid_DefaultMaterial_Normal.uasset" 1045
"../../../GDP_Project/Content/Assets/KidsDraws/Drawskid_DefaultMaterial_Roughness.uasset" 1046
"../../../GDP_Project/Content/Assets/KidsDraws/KidsDrawsMat.uasset" 1047
"../../../GDP_Project/Content/Assets/KidsDraws/Drawskid.uasset" 1048
"../../../GDP_Project/Content/Assets/LetterBlocks/Toyblocks_DefaultMaterial_BaseColor.uasset" 1049
"../../../GDP_Project/Content/Assets/LetterBlocks/Toyblocks_DefaultMaterial_Normal.uasset" 1050
"../../../GDP_Project/Content/Assets/LetterBlocks/Toyblocks_DefaultMaterial_OcclusionRoughnessMetallic.uasset" 1051
"../../../GDP_Project/Content/Assets/LetterBlocks/LetterBlockMat.uasset" 1052
"../../../GDP_Project/Content/Assets/LetterBlocks/LetterBlocks_Text063.uasset" 1053
"../../../GDP_Project/Content/Assets/LetterBlocks/LetterBlocks_Text069.uasset" 1054
"../../../GDP_Project/Content/Assets/LetterBlocks/LetterBlocks_Text075.uasset" 1055
"../../../GDP_Project/Content/Assets/LetterBlocks/LetterBlocks_Text081.uasset" 1056
"../../../GDP_Project/Content/Assets/LetterBlocks/LetterBlocks_Text087.uasset" 1057
"../../../GDP_Project/Content/Assets/LetterBlocks/LetterBlocks_Text093.uasset" 1058
"../../../GDP_Project/Content/Assets/LetterBlocks/LetterBlocks_Text099.uasset" 1059
"../../../GDP_Project/Content/Assets/LetterBlocks/LetterBlocks_Text105.uasset" 1060
"../../../GDP_Project/Content/Assets/LetterBlocks/LetterBlocks_Text111.uasset" 1061
"../../../GDP_Project/Content/Assets/LetterBlocks/LetterBlocks_Text117.uasset" 1062
"../../../GDP_Project/Content/Assets/LetterBlocks/LetterBlocks_Text129.uasset" 1063
"../../../GDP_Project/Content/Assets/LetterBlocks/LetterBlocks_Text141.uasset" 1064
"../../../GDP_Project/Content/Assets/LetterBlocks/LetterBlocks_Text147.uasset" 1065
"../../../GDP_Project/Content/Assets/LetterBlocks/LetterBlocks_Text153.uasset" 1066
"../../../GDP_Project/Content/Assets/LetterBlocks/LetterBlocks_Text165.uasset" 1067
"../../../GDP_Project/Content/Assets/LetterBlocks/LetterBlocks_Text171.uasset" 1068
"../../../GDP_Project/Content/Assets/LetterBlocks/LetterBlocks_Text177.uasset" 1069
"../../../GDP_Project/Content/Assets/LetterBlocks/LetterBlocks_Text195.uasset" 1070
"../../../GDP_Project/Content/Assets/LetterBlocks/LetterBlocks_Text201.uasset" 1071
"../../../GDP_Project/Content/Assets/LetterBlocks/LetterBlocks_Text207.uasset" 1072
"../../../GDP_Project/Content/Assets/LetterBlocks/LetterBlocks_Text213.uasset" 1073
"../../../GDP_Project/Content/Assets/NumberBlocks/LetterBlockMat.uasset" 1074
"../../../GDP_Project/Content/Assets/NumberBlocks/Numberblocks_Text007.uasset" 1075
"../../../GDP_Project/Content/Assets/NumberBlocks/Numberblocks_Text008.uasset" 1076
"../../../GDP_Project/Content/Assets/NumberBlocks/Numberblocks_Text014.uasset" 1077
"../../../GDP_Project/Content/Assets/NumberBlocks/Numberblocks_Text020.uasset" 1078
"../../../GDP_Project/Content/Assets/NumberBlocks/Numberblocks_Text026.uasset" 1079
"../../../GDP_Project/Content/Assets/NumberBlocks/Numberblocks_Text032.uasset" 1080
"../../../GDP_Project/Content/Assets/NumberBlocks/Numberblocks_Text038.uasset" 1081
"../../../GDP_Project/Content/Assets/NumberBlocks/Numberblocks_Text044.uasset" 1082
"../../../GDP_Project/Content/Assets/NumberBlocks/Numberblocks_Text050.uasset" 1083
"../../../GDP_Project/Content/Assets/NumberBlocks/Numberblocks_Text056.uasset" 1084
"../../../GDP_Project/Content/Assets/PaintPots/Materials/02_-_Default.uasset" 1085
"../../../GDP_Project/Content/Assets/PaintPots/Materials/Material__50.uasset" 1086
"../../../GDP_Project/Content/Assets/PaintPots/Materials/Material__52.uasset" 1087
"../../../GDP_Project/Content/Assets/PaintPots/Materials/Material__54.uasset" 1088
"../../../GDP_Project/Content/Assets/PaintPots/Materials/Material__55.uasset" 1089
"../../../GDP_Project/Content/Assets/PaintPots/Paintpots.uasset" 1090
"../../../GDP_Project/Content/Assets/Rings/RINGS1.uasset" 1091
"../../../GDP_Project/Content/Assets/Rocking_Horse/horsefag_08_-_Default_BaseColor.uasset" 1092
"../../../GDP_Project/Content/Assets/Rocking_Horse/horsefag_08_-_Default_Normal.uasset" 1093
"../../../GDP_Project/Content/Assets/Rocking_Horse/horsefag_08_-_Default_OcclusionRoughnessMetallic.uasset" 1094
"../../../GDP_Project/Content/Assets/Rocking_Horse/08_-_Default.uasset" 1095
"../../../GDP_Project/Content/Assets/Rocking_Horse/Horse.uasset" 1096
"../../../GDP_Project/Content/Assets/ToyBox/Toybox_low_DefaultMaterial_BaseColor.uasset" 1097
"../../../GDP_Project/Content/Assets/ToyBox/Toybox_low_DefaultMaterial_Normal.uasset" 1098
"../../../GDP_Project/Content/Assets/ToyBox/Toybox_low_DefaultMaterial_OcclusionRoughnessMetallic.uasset" 1099
"../../../GDP_Project/Content/Assets/ToyBox/ToyboxMat.uasset" 1100
"../../../GDP_Project/Content/Assets/ToyBox/Toybox.uasset" 1101
"../../../GDP_Project/Content/Assets/TrainTracks/BridgeEnd.uasset" 1102
"../../../GDP_Project/Content/Assets/TrainTracks/BridgeMid.uasset" 1103
"../../../GDP_Project/Content/Assets/TrainTracks/BridgeStart.uasset" 1104
"../../../GDP_Project/Content/Assets/TrainTracks/CartNEW.uasset" 1105
"../../../GDP_Project/Content/Assets/TrainTracks/Left90.uasset" 1106
"../../../GDP_Project/Content/Assets/TrainTracks/Right45.uasset" 1107
"../../../GDP_Project/Content/Assets/TrainTracks/Right90.uasset" 1108
"../../../GDP_Project/Content/Assets/TrainTracks/RotatePad.uasset" 1109
"../../../GDP_Project/Content/Assets/TrainTracks/Station.uasset" 1110
"../../../GDP_Project/Content/Assets/TrainTracks/Straight.uasset" 1111
"../../../GDP_Project/Content/Assets/TrainTracks/TPiece.uasset" 1112
"../../../GDP_Project/Content/Assets/TrainTracks/YPiece.uasset" 1113
"../../../GDP_Project/Content/Assets/Window/MainWindow_Glass1.uasset" 1114
"../../../GDP_Project/Content/Assets/Window/WindowSlide_Glass2.uasset" 1115
"../../../GDP_Project/Content/EnviBlockout/Rooms/HUBRoom/Vents_Box018.uasset" 1116
"../../../GDP_Project/Content/EnviBlockout/Rooms/Playroom/Playroom.uasset" 1117
"../../../GDP_Project/Content/EnviBlockout/Rooms/Playroom/PlayroomShell.uasset" 1118
"../../../GDP_Project/Content/EnviBlockout/Rooms/Playroom/Skirting.uasset" 1119
"../../../GDP_Project/Content/Hints/PlayroomTrainPuzzleHint1.uasset" 1120
"../../../GDP_Project/Content/Hints/PlayroomTrainPuzzleHint2.uasset" 1121
"../../../GDP_Project/Content/Hints/PlayroomTrainPuzzleHint3.uasset" 1122
"../../../GDP_Project/Content/PlaceholderArt/g0Mat.uasset" 1123
"../../../GDP_Project/Content/PlaceholderArt/Lego.uasset" 1124
"../../../GDP_Project/Content/Plane/Plane_Prop.uasset" 1125
"../../../GDP_Project/Content/Levels/Playroom.umap" 1126
"../../../GDP_Project/Content/Assets/Balls/BallBounce.uasset" 1127
"../../../GDP_Project/Content/Blueprints/BallBP.uasset" 1128
"../../../GDP_Project/Content/Blueprints/GoalBP.uasset" 1129
"../../../GDP_Project/Content/Assets/Vase/Vase_DM.uasset" 1130
"../../../GDP_Project/Content/Sounds/Vase_Smash.uasset" 1131
"../../../GDP_Project/Content/Blueprints/Vase_BP.uasset" 1132
"../../../GDP_Project/Content/Levels/Warp_Room_BuiltData.uasset" 1133
"../../../GDP_Project/Content/Assets/LetterBlocks/NewMaterial.uasset" 1134
"../../../GDP_Project/Content/Assets/Photoframes/Photoframe2_DefaultMaterial_BaseColor.uasset" 1135
"../../../GDP_Project/Content/Assets/Photoframes/Photoframe2_DefaultMaterial_Normal.uasset" 1136
"../../../GDP_Project/Content/Assets/Photoframes/Photoframe2_DefaultMaterial_OcclusionRoughnessMetallic.uasset" 1137
"../../../GDP_Project/Content/Assets/Photoframes/Photofram2.uasset" 1138
"../../../GDP_Project/Content/Assets/Photoframes/Photoframe2_DefaultMaterial_BaseColor2.uasset" 1139
"../../../GDP_Project/Content/Assets/Photoframes/Photofram22.uasset" 1140
"../../../GDP_Project/Content/Assets/Photoframes/Photoframe2_DefaultMaterial_BaseColor3.uasset" 1141
"../../../GDP_Project/Content/Assets/Photoframes/Photofram23.uasset" 1142
"../../../GDP_Project/Content/EnviBlockout/Rooms/WoodFloor1.uasset" 1143
"../../../GDP_Project/Content/Assets/Rug/Rug_low_DefaultMaterial_BaseColor2.uasset" 1144
"../../../GDP_Project/Content/Assets/Rug/Rug_low_DefaultMaterial_Normal2.uasset" 1145
"../../../GDP_Project/Content/Assets/Rug/Rug_low_DefaultMaterial_OcclusionRoughnessMetallic2.uasset" 1146
"../../../GDP_Project/Content/Assets/Rug/Box001Mat1.uasset" 1147
"../../../GDP_Project/Content/Assets/Rug/Box001Mat1_Inst.uasset" 1148
"../../../GDP_Project/Content/EnviBlockout/Rooms/WoodFloor1_Inst.uasset" 1149
"../../../GDP_Project/Content/EnviBlockout/Rooms/WoodFloor_Inst.uasset" 1150
"../../../GDP_Project/Content/Assets/LetterBlocks/LetterBlocks_Text123.uasset" 1151
"../../../GDP_Project/Content/Assets/LetterBlocks/LetterBlocks_Text135.uasset" 1152
"../../../GDP_Project/Content/Assets/LetterBlocks/LetterBlocks_Text159.uasset" 1153
"../../../GDP_Project/Content/Assets/LetterBlocks/LetterBlocks_Text183.uasset" 1154
"../../../GDP_Project/Content/Assets/LetterBlocks/LetterBlocks_Text189.uasset" 1155
"../../../GDP_Project/Content/Assets/Photoframes/Photoframes_Plane001.uasset" 1156
"../../../GDP_Project/Content/Assets/Photoframes/Photoframes_Plane002.uasset" 1157
"../../../GDP_Project/Content/Assets/Rings/RINGS.uasset" 1158
"../../../GDP_Project/Content/Assets/Rug/RugRamps.uasset" 1159
"../../../GDP_Project/Content/EnviBlockout/Rooms/HUBRoom/banisters.uasset" 1160
"../../../GDP_Project/Content/EnviBlockout/Rooms/HUBRoom/Bars.uasset" 1161
"../../../GDP_Project/Content/EnviBlockout/Rooms/HUBRoom/Frontdoor.uasset" 1162
"../../../GDP_Project/Content/EnviBlockout/Rooms/HUBRoom/HUBROOM.uasset" 1163
"../../../GDP_Project/Content/EnviBlockout/Rooms/HUBRoom/HubRoomShell.uasset" 1164
"../../../GDP_Project/Content/EnviBlockout/Rooms/HUBRoom/Skirt.uasset" 1165
"../../../GDP_Project/Content/EnviBlockout/Rooms/HUBRoom/stairs1.uasset" 1166
"../../../GDP_Project/Content/EnviBlockout/Rooms/HUBRoom/upfloor.uasset" 1167
"../../../GDP_Project/Content/EnviBlockout/Rooms/Vent_Box018.uasset" 1168
"../../../GDP_Project/Content/Hints/InitialGameHint.uasset" 1169
"../../../GDP_Project/Content/Levels/Warp_Room.umap" 1170
